This is pdfTeX, Version 3.1415926-2.4-1.40.13 (MiKTeX 2.9 64-bit) (preloaded format=pdflatex 2013.4.23)  10 MAY 2013 15:48
entering extended mode
**C:/Users/bl2/Documents/GitHub/pbm/pokusyLATEX/Glazer-thesis-2013.tex
(C:/Users/bl2/Documents/GitHub/pbm/pokusyLATEX/Glazer-thesis-2013.tex
LaTeX2e <2011/06/27>
Babel <v3.8m> and hyphenation patterns for english, afrikaans, ancientgreek, ar
abic, armenian, assamese, basque, bengali, bokmal, bulgarian, catalan, coptic, 
croatian, czech, danish, dutch, esperanto, estonian, farsi, finnish, french, ga
lician, german, german-x-2012-05-30, greek, gujarati, hindi, hungarian, iceland
ic, indonesian, interlingua, irish, italian, kannada, kurmanji, latin, latvian,
 lithuanian, malayalam, marathi, mongolian, mongolianlmc, monogreek, ngerman, n
german-x-2012-05-30, nynorsk, oriya, panjabi, pinyin, polish, portuguese, roman
ian, russian, sanskrit, serbian, slovak, slovenian, spanish, swedish, swissgerm
an, tamil, telugu, turkish, turkmen, ukenglish, ukrainian, uppersorbian, usengl
ishmax, welsh, loaded.
("C:\Program Files\MiKTeX 2.9\tex\latex\base\book.cls"
Document Class: book 2007/10/19 v1.4h Standard LaTeX document class
("C:\Program Files\MiKTeX 2.9\tex\latex\base\bk11.clo"
File: bk11.clo 2007/10/19 v1.4h Standard LaTeX file (size option)
)
\c@part=\count79
\c@chapter=\count80
\c@section=\count81
\c@subsection=\count82
\c@subsubsection=\count83
\c@paragraph=\count84
\c@subparagraph=\count85
\c@figure=\count86
\c@table=\count87
\abovecaptionskip=\skip41
\belowcaptionskip=\skip42
\bibindent=\dimen102
)
("C:\Program Files\MiKTeX 2.9\tex\latex\fancyhdr\fancyhdr.sty"
\fancy@headwidth=\skip43
\f@ncyO@elh=\skip44
\f@ncyO@erh=\skip45
\f@ncyO@olh=\skip46
\f@ncyO@orh=\skip47
\f@ncyO@elf=\skip48
\f@ncyO@erf=\skip49
\f@ncyO@olf=\skip50
\f@ncyO@orf=\skip51
)
("C:\Program Files\MiKTeX 2.9\tex\latex\amsmath\amsmath.sty"
Package: amsmath 2013/01/14 v2.14 AMS math features
\@mathmargin=\skip52

For additional information on amsmath, use the `?' option.
("C:\Program Files\MiKTeX 2.9\tex\latex\amsmath\amstext.sty"
Package: amstext 2000/06/29 v2.01

("C:\Program Files\MiKTeX 2.9\tex\latex\amsmath\amsgen.sty"
File: amsgen.sty 1999/11/30 v2.0
\@emptytoks=\toks14
\ex@=\dimen103
))
("C:\Program Files\MiKTeX 2.9\tex\latex\amsmath\amsbsy.sty"
Package: amsbsy 1999/11/29 v1.2d
\pmbraise@=\dimen104
)
("C:\Program Files\MiKTeX 2.9\tex\latex\amsmath\amsopn.sty"
Package: amsopn 1999/12/14 v2.01 operator names
)
\inf@bad=\count88
LaTeX Info: Redefining \frac on input line 210.
\uproot@=\count89
\leftroot@=\count90
LaTeX Info: Redefining \overline on input line 306.
\classnum@=\count91
\DOTSCASE@=\count92
LaTeX Info: Redefining \ldots on input line 378.
LaTeX Info: Redefining \dots on input line 381.
LaTeX Info: Redefining \cdots on input line 466.
\Mathstrutbox@=\box26
\strutbox@=\box27
\big@size=\dimen105
LaTeX Font Info:    Redeclaring font encoding OML on input line 566.
LaTeX Font Info:    Redeclaring font encoding OMS on input line 567.
\macc@depth=\count93
\c@MaxMatrixCols=\count94
\dotsspace@=\muskip10
\c@parentequation=\count95
\dspbrk@lvl=\count96
\tag@help=\toks15
\row@=\count97
\column@=\count98
\maxfields@=\count99
\andhelp@=\toks16
\eqnshift@=\dimen106
\alignsep@=\dimen107
\tagshift@=\dimen108
\tagwidth@=\dimen109
\totwidth@=\dimen110
\lineht@=\dimen111
\@envbody=\toks17
\multlinegap=\skip53
\multlinetaggap=\skip54
\mathdisplay@stack=\toks18
LaTeX Info: Redefining \[ on input line 2665.
LaTeX Info: Redefining \] on input line 2666.
)
("C:\Program Files\MiKTeX 2.9\tex\latex\amsfonts\amssymb.sty"
Package: amssymb 2013/01/14 v3.01 AMS font symbols

("C:\Program Files\MiKTeX 2.9\tex\latex\amsfonts\amsfonts.sty"
Package: amsfonts 2013/01/14 v3.01 Basic AMSFonts support
\symAMSa=\mathgroup4
\symAMSb=\mathgroup5
LaTeX Font Info:    Overwriting math alphabet `\mathfrak' in version `bold'
(Font)                  U/euf/m/n --> U/euf/b/n on input line 106.
))
("C:\Program Files\MiKTeX 2.9\tex\latex\ntheorem\ntheorem.sty"
Style `ntheorem', Version 1.33 <2011/08/15>
Package: ntheorem 2011/08/15 1.33
("C:\Program Files\MiKTeX 2.9\tex\latex\base\ifthen.sty"
Package: ifthen 2001/05/26 v1.1c Standard LaTeX ifthen package (DPC)
)
\theorem@style=\toks19
\theorem@@style=\toks20
\theorembodyfont=\toks21
\theoremnumbering=\toks22
\theorempreskipamount=\skip55
\theorempostskipamount=\skip56
\theoremframepreskipamount=\skip57
\theoremframepostskipamount=\skip58
\theoreminframepreskipamount=\skip59
\theoreminframepostskipamount=\skip60
\theorem@preskip=\toks23
\theorem@postskip=\toks24
\theorem@framepreskip=\toks25
\theorem@framepostskip=\toks26
\theorem@inframepreskip=\toks27
\theorem@inframepostskip=\toks28
\theoremindent=\dimen112
\theorem@indent=\dimen113
\theoremrightindent=\dimen114
\theorem@rightindent=\dimen115
\theoremheaderfont=\toks29
\theoremseparator=\toks30
\theoremprework=\toks31
\theorempostwork=\toks32
\theoremsymbol=\toks33
\qedsymbol=\toks34
\theoremkeyword=\toks35
\qedsymbol=\toks36
\thm@topsep=\skip61
\thm@topsepadd=\skip62
Package ntheorem Info: Option `thmmarks' loaded on input line 1175.
\c@endNonectr=\count100
\c@currNonectr=\count101
\mysavskip=\skip63
Package ntheorem Info: option `amsmath' handling for `thmmarks' loaded on input
 line 1175.
\thm@amstmpdepth=\dimen116
\tagwidth=\dimen117
)
("C:\Program Files\MiKTeX 2.9\tex\latex\base\latexsym.sty"
Package: latexsym 1998/08/17 v2.2e Standard LaTeX package (lasy symbols)
\symlasy=\mathgroup6
LaTeX Font Info:    Overwriting symbol font `lasy' in version `bold'
(Font)                  U/lasy/m/n --> U/lasy/b/n on input line 47.
)
("C:\Program Files\MiKTeX 2.9\tex\latex\float\float.sty"
Package: float 2001/11/08 v1.3d Float enhancements (AL)
\c@float@type=\count102
\float@exts=\toks37
\float@box=\box28
\@float@everytoks=\toks38
\@floatcapt=\box29
)
("C:\Program Files\MiKTeX 2.9\tex\latex\caption\caption.sty"
Package: caption 2013/02/03 v3.3-65 Customizing captions (AR)

("C:\Program Files\MiKTeX 2.9\tex\latex\caption\caption3.sty"
Package: caption3 2013/02/03 v1.5-62 caption3 kernel (AR)

("C:\Program Files\MiKTeX 2.9\tex\latex\graphics\keyval.sty"
Package: keyval 1999/03/16 v1.13 key=value parser (DPC)
\KV@toks@=\toks39
)
\captionmargin=\dimen118
\captionmargin@=\dimen119
\captionwidth=\dimen120
\caption@tempdima=\dimen121
\caption@indent=\dimen122
\caption@parindent=\dimen123
\caption@hangindent=\dimen124
)
\c@ContinuedFloat=\count103
Package caption Info: float package is loaded.
)
("C:\Program Files\MiKTeX 2.9\tex\latex\subfigure\subfigure.sty"
Package: subfigure 2002/07/30 v2.1.4 subfigure package
\subfigtopskip=\skip64
\subfigcapskip=\skip65
\subfigcaptopadj=\dimen125
\subfigbottomskip=\skip66
\subfigcapmargin=\dimen126
\subfiglabelskip=\skip67
\c@subfigure=\count104
\c@lofdepth=\count105
\c@subtable=\count106
\c@lotdepth=\count107

****************************************
* Local config file subfigure.cfg used *
****************************************
("C:\Program Files\MiKTeX 2.9\tex\latex\subfigure\subfigure.cfg")
\subfig@top=\skip68
\subfig@bottom=\skip69
)
("C:\Program Files\MiKTeX 2.9\tex\latex\graphics\graphicx.sty"
Package: graphicx 1999/02/16 v1.0f Enhanced LaTeX Graphics (DPC,SPQR)

("C:\Program Files\MiKTeX 2.9\tex\latex\graphics\graphics.sty"
Package: graphics 2009/02/05 v1.0o Standard LaTeX Graphics (DPC,SPQR)

("C:\Program Files\MiKTeX 2.9\tex\latex\graphics\trig.sty"
Package: trig 1999/03/16 v1.09 sin cos tan (DPC)
)
("C:\Program Files\MiKTeX 2.9\tex\latex\00miktex\graphics.cfg"
File: graphics.cfg 2007/01/18 v1.5 graphics configuration of teTeX/TeXLive
)
Package graphics Info: Driver file: pdftex.def on input line 91.

("C:\Program Files\MiKTeX 2.9\tex\latex\pdftex-def\pdftex.def"
File: pdftex.def 2011/05/27 v0.06d Graphics/color for pdfTeX

("C:\Program Files\MiKTeX 2.9\tex\generic\oberdiek\infwarerr.sty"
Package: infwarerr 2010/04/08 v1.3 Providing info/warning/error messages (HO)
)
("C:\Program Files\MiKTeX 2.9\tex\generic\oberdiek\ltxcmds.sty"
Package: ltxcmds 2011/11/09 v1.22 LaTeX kernel commands for general use (HO)
)
\Gread@gobject=\count108
))
\Gin@req@height=\dimen127
\Gin@req@width=\dimen128
)
("C:\Program Files\MiKTeX 2.9\tex\latex\oberdiek\epstopdf.sty"
Package: epstopdf 2010/02/09 v2.5 Conversion with epstopdf on the fly (HO)

("C:\Program Files\MiKTeX 2.9\tex\latex\oberdiek\epstopdf-base.sty"
Package: epstopdf-base 2010/02/09 v2.5 Base part for package epstopdf

("C:\Program Files\MiKTeX 2.9\tex\latex\oberdiek\grfext.sty"
Package: grfext 2010/08/19 v1.1 Manage graphics extensions (HO)

("C:\Program Files\MiKTeX 2.9\tex\generic\oberdiek\kvdefinekeys.sty"
Package: kvdefinekeys 2011/04/07 v1.3 Define keys (HO)
))
("C:\Program Files\MiKTeX 2.9\tex\latex\oberdiek\kvoptions.sty"
Package: kvoptions 2011/06/30 v3.11 Key value format for package options (HO)

("C:\Program Files\MiKTeX 2.9\tex\generic\oberdiek\kvsetkeys.sty"
Package: kvsetkeys 2012/04/25 v1.16 Key value parser (HO)

("C:\Program Files\MiKTeX 2.9\tex\generic\oberdiek\etexcmds.sty"
Package: etexcmds 2011/02/16 v1.5 Avoid name clashes with e-TeX commands (HO)

("C:\Program Files\MiKTeX 2.9\tex\generic\oberdiek\ifluatex.sty"
Package: ifluatex 2010/03/01 v1.3 Provides the ifluatex switch (HO)
Package ifluatex Info: LuaTeX not detected.
)
Package etexcmds Info: Could not find \expanded.
(etexcmds)             That can mean that you are not using pdfTeX 1.50 or
(etexcmds)             that some package has redefined \expanded.
(etexcmds)             In the latter case, load this package earlier.
)))
("C:\Program Files\MiKTeX 2.9\tex\generic\oberdiek\pdftexcmds.sty"
Package: pdftexcmds 2011/11/29 v0.20 Utility functions of pdfTeX for LuaTeX (HO
)

("C:\Program Files\MiKTeX 2.9\tex\generic\oberdiek\ifpdf.sty"
Package: ifpdf 2011/01/30 v2.3 Provides the ifpdf switch (HO)
Package ifpdf Info: pdfTeX in PDF mode is detected.
)
Package pdftexcmds Info: LuaTeX not detected.
Package pdftexcmds Info: \pdf@primitive is available.
Package pdftexcmds Info: \pdf@ifprimitive is available.
Package pdftexcmds Info: \pdfdraftmode found.
)
Package grfext Info: Graphics extension search list:
(grfext)             [.png,.pdf,.jpg,.mps,.jpeg,.jbig2,.jb2,.PNG,.PDF,.JPG,.JPE
G,.JBIG2,.JB2,.eps]
(grfext)             \AppendGraphicsExtensions on input line 452.
))
("C:\Program Files\MiKTeX 2.9\tex\generic\babel\babel.sty"
Package: babel 2008/07/08 v3.8m The Babel package

*************************************
* Local config file bblopts.cfg used
*
("C:\Program Files\MiKTeX 2.9\tex\latex\00miktex\bblopts.cfg"
File: bblopts.cfg 2006/07/31 v1.0 MiKTeX 'babel' configuration
)
("C:\Program Files\MiKTeX 2.9\tex\generic\babel\czech.ldf"
Language: czech 2008/07/06 v3.1a Czech support from the babel system

("C:\Program Files\MiKTeX 2.9\tex\generic\babel\babel.def"
File: babel.def 2008/07/08 v3.8m Babel common definitions
\babel@savecnt=\count109
\U@D=\dimen129
)
Package babel Info: Making " an active character on input line 172.
\cs@wordlen=\count110
Package babel Info: Making - an active character on input line 226.
)
("C:\Program Files\MiKTeX 2.9\tex\generic\babel\english.ldf"
Language: english 2005/03/30 v3.3o English support from the babel system
\l@canadian = a dialect from \language\l@american 
\l@australian = a dialect from \language\l@british 
\l@newzealand = a dialect from \language\l@british 
))
("C:\Program Files\MiKTeX 2.9\tex\latex\base\fontenc.sty"
Package: fontenc 2005/09/27 v1.99g Standard LaTeX package

("C:\Program Files\MiKTeX 2.9\tex\latex\base\t1enc.def"
File: t1enc.def 2005/09/27 v1.99g Standard LaTeX file
LaTeX Font Info:    Redeclaring font encoding T1 on input line 43.
))
("C:\Program Files\MiKTeX 2.9\tex\latex\base\inputenc.sty"
Package: inputenc 2008/03/30 v1.1d Input encoding file
\inpenc@prehook=\toks40
\inpenc@posthook=\toks41

("C:\Program Files\MiKTeX 2.9\tex\latex\base\utf8.def"
File: utf8.def 2008/04/05 v1.1m UTF-8 support for inputenc
Now handling font encoding OML ...
... no UTF-8 mapping file for font encoding OML
Now handling font encoding T1 ...
... processing UTF-8 mapping file for font encoding T1

("C:\Program Files\MiKTeX 2.9\tex\latex\base\t1enc.dfu"
File: t1enc.dfu 2008/04/05 v1.1m UTF-8 support for inputenc
   defining Unicode char U+00A1 (decimal 161)
   defining Unicode char U+00A3 (decimal 163)
   defining Unicode char U+00AB (decimal 171)
   defining Unicode char U+00BB (decimal 187)
   defining Unicode char U+00BF (decimal 191)
   defining Unicode char U+00C0 (decimal 192)
   defining Unicode char U+00C1 (decimal 193)
   defining Unicode char U+00C2 (decimal 194)
   defining Unicode char U+00C3 (decimal 195)
   defining Unicode char U+00C4 (decimal 196)
   defining Unicode char U+00C5 (decimal 197)
   defining Unicode char U+00C6 (decimal 198)
   defining Unicode char U+00C7 (decimal 199)
   defining Unicode char U+00C8 (decimal 200)
   defining Unicode char U+00C9 (decimal 201)
   defining Unicode char U+00CA (decimal 202)
   defining Unicode char U+00CB (decimal 203)
   defining Unicode char U+00CC (decimal 204)
   defining Unicode char U+00CD (decimal 205)
   defining Unicode char U+00CE (decimal 206)
   defining Unicode char U+00CF (decimal 207)
   defining Unicode char U+00D0 (decimal 208)
   defining Unicode char U+00D1 (decimal 209)
   defining Unicode char U+00D2 (decimal 210)
   defining Unicode char U+00D3 (decimal 211)
   defining Unicode char U+00D4 (decimal 212)
   defining Unicode char U+00D5 (decimal 213)
   defining Unicode char U+00D6 (decimal 214)
   defining Unicode char U+00D8 (decimal 216)
   defining Unicode char U+00D9 (decimal 217)
   defining Unicode char U+00DA (decimal 218)
   defining Unicode char U+00DB (decimal 219)
   defining Unicode char U+00DC (decimal 220)
   defining Unicode char U+00DD (decimal 221)
   defining Unicode char U+00DE (decimal 222)
   defining Unicode char U+00DF (decimal 223)
   defining Unicode char U+00E0 (decimal 224)
   defining Unicode char U+00E1 (decimal 225)
   defining Unicode char U+00E2 (decimal 226)
   defining Unicode char U+00E3 (decimal 227)
   defining Unicode char U+00E4 (decimal 228)
   defining Unicode char U+00E5 (decimal 229)
   defining Unicode char U+00E6 (decimal 230)
   defining Unicode char U+00E7 (decimal 231)
   defining Unicode char U+00E8 (decimal 232)
   defining Unicode char U+00E9 (decimal 233)
   defining Unicode char U+00EA (decimal 234)
   defining Unicode char U+00EB (decimal 235)
   defining Unicode char U+00EC (decimal 236)
   defining Unicode char U+00ED (decimal 237)
   defining Unicode char U+00EE (decimal 238)
   defining Unicode char U+00EF (decimal 239)
   defining Unicode char U+00F0 (decimal 240)
   defining Unicode char U+00F1 (decimal 241)
   defining Unicode char U+00F2 (decimal 242)
   defining Unicode char U+00F3 (decimal 243)
   defining Unicode char U+00F4 (decimal 244)
   defining Unicode char U+00F5 (decimal 245)
   defining Unicode char U+00F6 (decimal 246)
   defining Unicode char U+00F8 (decimal 248)
   defining Unicode char U+00F9 (decimal 249)
   defining Unicode char U+00FA (decimal 250)
   defining Unicode char U+00FB (decimal 251)
   defining Unicode char U+00FC (decimal 252)
   defining Unicode char U+00FD (decimal 253)
   defining Unicode char U+00FE (decimal 254)
   defining Unicode char U+00FF (decimal 255)
   defining Unicode char U+0102 (decimal 258)
   defining Unicode char U+0103 (decimal 259)
   defining Unicode char U+0104 (decimal 260)
   defining Unicode char U+0105 (decimal 261)
   defining Unicode char U+0106 (decimal 262)
   defining Unicode char U+0107 (decimal 263)
   defining Unicode char U+010C (decimal 268)
   defining Unicode char U+010D (decimal 269)
   defining Unicode char U+010E (decimal 270)
   defining Unicode char U+010F (decimal 271)
   defining Unicode char U+0110 (decimal 272)
   defining Unicode char U+0111 (decimal 273)
   defining Unicode char U+0118 (decimal 280)
   defining Unicode char U+0119 (decimal 281)
   defining Unicode char U+011A (decimal 282)
   defining Unicode char U+011B (decimal 283)
   defining Unicode char U+011E (decimal 286)
   defining Unicode char U+011F (decimal 287)
   defining Unicode char U+0130 (decimal 304)
   defining Unicode char U+0131 (decimal 305)
   defining Unicode char U+0132 (decimal 306)
   defining Unicode char U+0133 (decimal 307)
   defining Unicode char U+0139 (decimal 313)
   defining Unicode char U+013A (decimal 314)
   defining Unicode char U+013D (decimal 317)
   defining Unicode char U+013E (decimal 318)
   defining Unicode char U+0141 (decimal 321)
   defining Unicode char U+0142 (decimal 322)
   defining Unicode char U+0143 (decimal 323)
   defining Unicode char U+0144 (decimal 324)
   defining Unicode char U+0147 (decimal 327)
   defining Unicode char U+0148 (decimal 328)
   defining Unicode char U+014A (decimal 330)
   defining Unicode char U+014B (decimal 331)
   defining Unicode char U+0150 (decimal 336)
   defining Unicode char U+0151 (decimal 337)
   defining Unicode char U+0152 (decimal 338)
   defining Unicode char U+0153 (decimal 339)
   defining Unicode char U+0154 (decimal 340)
   defining Unicode char U+0155 (decimal 341)
   defining Unicode char U+0158 (decimal 344)
   defining Unicode char U+0159 (decimal 345)
   defining Unicode char U+015A (decimal 346)
   defining Unicode char U+015B (decimal 347)
   defining Unicode char U+015E (decimal 350)
   defining Unicode char U+015F (decimal 351)
   defining Unicode char U+0160 (decimal 352)
   defining Unicode char U+0161 (decimal 353)
   defining Unicode char U+0162 (decimal 354)
   defining Unicode char U+0163 (decimal 355)
   defining Unicode char U+0164 (decimal 356)
   defining Unicode char U+0165 (decimal 357)
   defining Unicode char U+016E (decimal 366)
   defining Unicode char U+016F (decimal 367)
   defining Unicode char U+0170 (decimal 368)
   defining Unicode char U+0171 (decimal 369)
   defining Unicode char U+0178 (decimal 376)
   defining Unicode char U+0179 (decimal 377)
   defining Unicode char U+017A (decimal 378)
   defining Unicode char U+017B (decimal 379)
   defining Unicode char U+017C (decimal 380)
   defining Unicode char U+017D (decimal 381)
   defining Unicode char U+017E (decimal 382)
   defining Unicode char U+200C (decimal 8204)
   defining Unicode char U+2013 (decimal 8211)
   defining Unicode char U+2014 (decimal 8212)
   defining Unicode char U+2018 (decimal 8216)
   defining Unicode char U+2019 (decimal 8217)
   defining Unicode char U+201A (decimal 8218)
   defining Unicode char U+201C (decimal 8220)
   defining Unicode char U+201D (decimal 8221)
   defining Unicode char U+201E (decimal 8222)
   defining Unicode char U+2030 (decimal 8240)
   defining Unicode char U+2031 (decimal 8241)
   defining Unicode char U+2039 (decimal 8249)
   defining Unicode char U+203A (decimal 8250)
   defining Unicode char U+2423 (decimal 9251)
)
Now handling font encoding OT1 ...
... processing UTF-8 mapping file for font encoding OT1

("C:\Program Files\MiKTeX 2.9\tex\latex\base\ot1enc.dfu"
File: ot1enc.dfu 2008/04/05 v1.1m UTF-8 support for inputenc
   defining Unicode char U+00A1 (decimal 161)
   defining Unicode char U+00A3 (decimal 163)
   defining Unicode char U+00B8 (decimal 184)
   defining Unicode char U+00BF (decimal 191)
   defining Unicode char U+00C5 (decimal 197)
   defining Unicode char U+00C6 (decimal 198)
   defining Unicode char U+00D8 (decimal 216)
   defining Unicode char U+00DF (decimal 223)
   defining Unicode char U+00E6 (decimal 230)
   defining Unicode char U+00EC (decimal 236)
   defining Unicode char U+00ED (decimal 237)
   defining Unicode char U+00EE (decimal 238)
   defining Unicode char U+00EF (decimal 239)
   defining Unicode char U+00F8 (decimal 248)
   defining Unicode char U+0131 (decimal 305)
   defining Unicode char U+0141 (decimal 321)
   defining Unicode char U+0142 (decimal 322)
   defining Unicode char U+0152 (decimal 338)
   defining Unicode char U+0153 (decimal 339)
   defining Unicode char U+2013 (decimal 8211)
   defining Unicode char U+2014 (decimal 8212)
   defining Unicode char U+2018 (decimal 8216)
   defining Unicode char U+2019 (decimal 8217)
   defining Unicode char U+201C (decimal 8220)
   defining Unicode char U+201D (decimal 8221)
)
Now handling font encoding OMS ...
... processing UTF-8 mapping file for font encoding OMS

("C:\Program Files\MiKTeX 2.9\tex\latex\base\omsenc.dfu"
File: omsenc.dfu 2008/04/05 v1.1m UTF-8 support for inputenc
   defining Unicode char U+00A7 (decimal 167)
   defining Unicode char U+00B6 (decimal 182)
   defining Unicode char U+00B7 (decimal 183)
   defining Unicode char U+2020 (decimal 8224)
   defining Unicode char U+2021 (decimal 8225)
   defining Unicode char U+2022 (decimal 8226)
)
Now handling font encoding OMX ...
... no UTF-8 mapping file for font encoding OMX
Now handling font encoding U ...
... no UTF-8 mapping file for font encoding U
   defining Unicode char U+00A9 (decimal 169)
   defining Unicode char U+00AA (decimal 170)
   defining Unicode char U+00AE (decimal 174)
   defining Unicode char U+00BA (decimal 186)
   defining Unicode char U+02C6 (decimal 710)
   defining Unicode char U+02DC (decimal 732)
   defining Unicode char U+200C (decimal 8204)
   defining Unicode char U+2026 (decimal 8230)
   defining Unicode char U+2122 (decimal 8482)
   defining Unicode char U+2423 (decimal 9251)
))
(C:\Users\bl2\Documents\GitHub\pbm\pokusyLATEX\k336_thesis_macros.sty
Two side layout redefined.
(C:\Users\bl2\Documents\GitHub\pbm\pokusyLATEX\hyphen.tex))
Master's Thesis
("C:\Program Files\MiKTeX 2.9\tex\latex\hyperref\hyperref.sty"
Package: hyperref 2012/11/06 v6.83m Hypertext links for LaTeX

("C:\Program Files\MiKTeX 2.9\tex\generic\oberdiek\hobsub-hyperref.sty"
Package: hobsub-hyperref 2012/04/25 v1.12 Bundle oberdiek, subset hyperref (HO)


("C:\Program Files\MiKTeX 2.9\tex\generic\oberdiek\hobsub-generic.sty"
Package: hobsub-generic 2012/04/25 v1.12 Bundle oberdiek, subset generic (HO)
Package: hobsub 2012/04/25 v1.12 Construct package bundles (HO)
Package hobsub Info: Skipping package `infwarerr' (already loaded).
Package hobsub Info: Skipping package `ltxcmds' (already loaded).
Package hobsub Info: Skipping package `ifluatex' (already loaded).
Package: ifvtex 2010/03/01 v1.5 Detect VTeX and its facilities (HO)
Package ifvtex Info: VTeX not detected.
Package: intcalc 2007/09/27 v1.1 Expandable calculations with integers (HO)
Package hobsub Info: Skipping package `ifpdf' (already loaded).
Package hobsub Info: Skipping package `etexcmds' (already loaded).
Package hobsub Info: Skipping package `kvsetkeys' (already loaded).
Package hobsub Info: Skipping package `kvdefinekeys' (already loaded).
Package hobsub Info: Skipping package `pdftexcmds' (already loaded).
Package: pdfescape 2011/11/25 v1.13 Implements pdfTeX's escape features (HO)
Package: bigintcalc 2012/04/08 v1.3 Expandable calculations on big integers (HO
)
Package: bitset 2011/01/30 v1.1 Handle bit-vector datatype (HO)
Package: uniquecounter 2011/01/30 v1.2 Provide unlimited unique counter (HO)
)
Package hobsub Info: Skipping package `hobsub' (already loaded).
Package: letltxmacro 2010/09/02 v1.4 Let assignment for LaTeX macros (HO)
Package: hopatch 2011/06/24 v1.1 Wrapper for package hooks (HO)
Package: xcolor-patch 2011/01/30 xcolor patch
Package: atveryend 2011/06/30 v1.8 Hooks at the very end of document (HO)
Package atveryend Info: \enddocument detected (standard20110627).
Package: atbegshi 2011/10/05 v1.16 At begin shipout hook (HO)
Package: refcount 2011/10/16 v3.4 Data extraction from label references (HO)
Package: hycolor 2011/01/30 v1.7 Color options for hyperref/bookmark (HO)
)
("C:\Program Files\MiKTeX 2.9\tex\generic\ifxetex\ifxetex.sty"
Package: ifxetex 2010/09/12 v0.6 Provides ifxetex conditional
)
("C:\Program Files\MiKTeX 2.9\tex\latex\oberdiek\auxhook.sty"
Package: auxhook 2011/03/04 v1.3 Hooks for auxiliary files (HO)
)
\@linkdim=\dimen130
\Hy@linkcounter=\count111
\Hy@pagecounter=\count112

("C:\Program Files\MiKTeX 2.9\tex\latex\hyperref\pd1enc.def"
File: pd1enc.def 2012/11/06 v6.83m Hyperref: PDFDocEncoding definition (HO)
Now handling font encoding PD1 ...
... no UTF-8 mapping file for font encoding PD1
)
\Hy@SavedSpaceFactor=\count113

("C:\Program Files\MiKTeX 2.9\tex\latex\00miktex\hyperref.cfg"
File: hyperref.cfg 2002/06/06 v1.2 hyperref configuration of TeXLive
)
Package hyperref Info: Option `bookmarks' set `true' on input line 4319.
Package hyperref Info: Option `colorlinks' set `true' on input line 4319.
Package hyperref Info: Option `breaklinks' set `true' on input line 4319.
Package hyperref Info: Option `unicode' set `true' on input line 4319.

("C:\Program Files\MiKTeX 2.9\tex\latex\hyperref\puenc.def"
File: puenc.def 2012/11/06 v6.83m Hyperref: PDF Unicode definition (HO)
Now handling font encoding PU ...
... no UTF-8 mapping file for font encoding PU
)
Package hyperref Info: Hyper figures OFF on input line 4443.
Package hyperref Info: Link nesting OFF on input line 4448.
Package hyperref Info: Hyper index ON on input line 4451.
Package hyperref Info: Plain pages OFF on input line 4458.
Package hyperref Info: Backreferencing OFF on input line 4463.
Package hyperref Info: Implicit mode ON; LaTeX internals redefined.
Package hyperref Info: Bookmarks ON on input line 4688.
\c@Hy@tempcnt=\count114

("C:\Program Files\MiKTeX 2.9\tex\latex\ltxmisc\url.sty"
\Urlmuskip=\muskip11
Package: url 2006/04/12  ver 3.3  Verb mode for urls, etc.
)
LaTeX Info: Redefining \url on input line 5041.
\XeTeXLinkMargin=\dimen131
\Fld@menulength=\count115
\Field@Width=\dimen132
\Fld@charsize=\dimen133
Package hyperref Info: Hyper figures OFF on input line 6295.
Package hyperref Info: Link nesting OFF on input line 6300.
Package hyperref Info: Hyper index ON on input line 6303.
Package hyperref Info: backreferencing OFF on input line 6310.
Package hyperref Info: Link coloring ON on input line 6313.
Package hyperref Info: Link coloring with OCG OFF on input line 6320.
Package hyperref Info: PDF/A mode OFF on input line 6325.
LaTeX Info: Redefining \ref on input line 6365.
LaTeX Info: Redefining \pageref on input line 6369.
\Hy@abspage=\count116
\c@Item=\count117
\c@Hfootnote=\count118
)

Package hyperref Message: Driver (autodetected): hpdftex.

("C:\Program Files\MiKTeX 2.9\tex\latex\hyperref\hpdftex.def"
File: hpdftex.def 2012/11/06 v6.83m Hyperref driver for pdfTeX
\Fld@listcount=\count119
\c@bookmark@seq@number=\count120

("C:\Program Files\MiKTeX 2.9\tex\latex\oberdiek\rerunfilecheck.sty"
Package: rerunfilecheck 2011/04/15 v1.7 Rerun checks for auxiliary files (HO)
Package uniquecounter Info: New unique counter `rerunfilecheck' on input line 2
82.
)
\Hy@SectionHShift=\skip70
)
(C:\Users\bl2\Documents\GitHub\pbm\pokusyLATEX\Glazer-thesis-2013.aux

LaTeX Warning: Label `lab:HEN' multiply defined.

)
LaTeX Font Info:    Checking defaults for OML/cmm/m/it on input line 141.
LaTeX Font Info:    ... okay on input line 141.
LaTeX Font Info:    Checking defaults for T1/cmr/m/n on input line 141.
LaTeX Font Info:    ... okay on input line 141.
LaTeX Font Info:    Checking defaults for OT1/cmr/m/n on input line 141.
LaTeX Font Info:    ... okay on input line 141.
LaTeX Font Info:    Checking defaults for OMS/cmsy/m/n on input line 141.
LaTeX Font Info:    ... okay on input line 141.
LaTeX Font Info:    Checking defaults for OMX/cmex/m/n on input line 141.
LaTeX Font Info:    ... okay on input line 141.
LaTeX Font Info:    Checking defaults for U/cmr/m/n on input line 141.
LaTeX Font Info:    ... okay on input line 141.
LaTeX Font Info:    Checking defaults for PD1/pdf/m/n on input line 141.
LaTeX Font Info:    ... okay on input line 141.
LaTeX Font Info:    Checking defaults for PU/pdf/m/n on input line 141.
LaTeX Font Info:    ... okay on input line 141.
Package caption Info: Begin \AtBeginDocument code.
Package caption Info: hyperref package is loaded.
Package caption Info: subfigure package is loaded.
Package caption Info: End \AtBeginDocument code.
 ("C:\Program Files\MiKTeX 2.9\tex\context\base\supp-pdf.mkii"
[Loading MPS to PDF converter (version 2006.09.02).]
\scratchcounter=\count121
\scratchdimen=\dimen134
\scratchbox=\box30
\nofMPsegments=\count122
\nofMParguments=\count123
\everyMPshowfont=\toks42
\MPscratchCnt=\count124
\MPscratchDim=\dimen135
\MPnumerator=\count125
\makeMPintoPDFobject=\count126
\everyMPtoPDFconversion=\toks43
)
\AtBeginShipoutBox=\box31
 ("C:\Program Files\MiKTeX 2.9\tex\latex\graphics\color.sty"
Package: color 2005/11/14 v1.0j Standard LaTeX Color (DPC)

("C:\Program Files\MiKTeX 2.9\tex\latex\00miktex\color.cfg"
File: color.cfg 2007/01/18 v1.5 color configuration of teTeX/TeXLive
)
Package color Info: Driver file: pdftex.def on input line 130.
)
Package hyperref Info: Link coloring ON on input line 141.

("C:\Program Files\MiKTeX 2.9\tex\latex\hyperref\nameref.sty"
Package: nameref 2012/10/27 v2.43 Cross-referencing by name of section

("C:\Program Files\MiKTeX 2.9\tex\generic\oberdiek\gettitlestring.sty"
Package: gettitlestring 2010/12/03 v1.4 Cleanup title references (HO)
)
\c@section@level=\count127
)
LaTeX Info: Redefining \ref on input line 141.
LaTeX Info: Redefining \pageref on input line 141.
LaTeX Info: Redefining \nameref on input line 141.

(C:\Users\bl2\Documents\GitHub\pbm\pokusyLATEX\Glazer-thesis-2013.out)
(C:\Users\bl2\Documents\GitHub\pbm\pokusyLATEX\Glazer-thesis-2013.out)
\@outlinefile=\write3

************************************************
Language: english
Type of Work: Master's Thesis
Study Program: Open Informatics
Study Branch: Computer Graphics
Author: Bc. Zden\IeC {\v e}k Glazer
Title: Progressive Computation of Global Illumination
Supervisor: Ing. Jaroslav Sloup
***************************************************
LaTeX Font Info:    Try loading font information for OMS+cmr on input line 199.

("C:\Program Files\MiKTeX 2.9\tex\latex\base\omscmr.fd"
File: omscmr.fd 1999/05/25 v2.5h Standard LaTeX font definitions
)
LaTeX Font Info:    Font shape `OMS/cmr/m/n' in size <10.95> not available
(Font)              Font shape `OMS/cmsy/m/n' tried instead on input line 199.
 [1



{C:/ProgramData/MiKTeX/2.9/pdftex/config/pdftex.map}] [2

]
<figures/LogoCVUT.pdf, id=235, 93.34875pt x 70.2625pt>
File: figures/LogoCVUT.pdf Graphic file (type pdf)

<use figures/LogoCVUT.pdf>
Package pdftex.def Info: figures/LogoCVUT.pdf used on input line 209.
(pdftex.def)             Requested size: 142.26378pt x 107.08527pt.
 [3

 <C:/Users/bl2/Documents/GitHub/pbm/pokusyLATEX/figures/LogoCVUT.pdf>] [4

]
(C:\Users\bl2\Documents\GitHub\pbm\pokusyLATEX\00_Chapters/Acknow.tex) [5

]
[6

] (C:\Users\bl2\Documents\GitHub\pbm\pokusyLATEX\00_Chapters/Declar.tex)pdfTeX 
warning (ext4): destination with the same identifier (name{page.i}) has been al
ready used, duplicate ignored
<to be read again> 
                   \relax 
l.223 \newpage
               [1

]pdfTeX warning (ext4): destination with the same identifier (name{page.ii}) ha
s been already used, duplicate ignored
<to be read again> 
                   \relax 
l.224 \cleardoublepage
                       [2

]
(C:\Users\bl2\Documents\GitHub\pbm\pokusyLATEX\00_Chapters/Abstract.tex)pdfTeX 
warning (ext4): destination with the same identifier (name{page.iii}) has been 
already used, duplicate ignored
<to be read again> 
                   \relax 
l.229 \cleardoublepage
                       [3


]pdfTeX warning (ext4): destination with the same identifier (name{page.iv}) ha
s been already used, duplicate ignored
<to be read again> 
                   \relax 
l.229 \cleardoublepage
                       [4

]
(C:\Users\bl2\Documents\GitHub\pbm\pokusyLATEX\Glazer-thesis-2013.toc
LaTeX Font Info:    Try loading font information for U+msa on input line 6.

("C:\Program Files\MiKTeX 2.9\tex\latex\amsfonts\umsa.fd"
File: umsa.fd 2013/01/14 v3.01 AMS symbols A
)
LaTeX Font Info:    Try loading font information for U+msb on input line 6.

("C:\Program Files\MiKTeX 2.9\tex\latex\amsfonts\umsb.fd"
File: umsb.fd 2013/01/14 v3.01 AMS symbols B
)
LaTeX Font Info:    Try loading font information for U+lasy on input line 6.

("C:\Program Files\MiKTeX 2.9\tex\latex\base\ulasy.fd"
File: ulasy.fd 1998/08/17 v2.2e LaTeX symbol font definitions
)pdfTeX warning (ext4): destination with the same identifier (name{page.v}) has
 been already used, duplicate ignored
<to be read again> 
                   \relax 
l.36 ...istant progressive methods}{25}{chapter.4}
                                                   [5

])
\tf@toc=\write4
pdfTeX warning (ext4): destination with the same identifier (name{page.vi}) has
 been already used, duplicate ignored
<to be read again> 
                   \relax 
l.238 \cleardoublepage
                       [6]
(C:\Users\bl2\Documents\GitHub\pbm\pokusyLATEX\Glazer-thesis-2013.lof)
\tf@lof=\write5
 [7


]
[8] (C:\Users\bl2\Documents\GitHub\pbm\pokusyLATEX\Glazer-thesis-2013.lot)
\tf@lot=\write6

[9


] [10

] (C:\Users\bl2\Documents\GitHub\pbm\pokusyLATEX\01_Intro/Intro.tex
Chapter 1.
<images/nasaearth.jpg, id=430, 1027.84pt x 687.56876pt>
File: images/nasaearth.jpg Graphic file (type jpg)

<use images/nasaearth.jpg>
Package pdftex.def Info: images/nasaearth.jpg used on input line 11.
(pdftex.def)             Requested size: 195.98047pt x 131.10104pt.

Underfull \hbox (badness 1629) in paragraph at lines 13--13
[]\T1/cmr/m/n/10 Figure 1.1: |Au-rora bo-re-alis one of the
 []

<01_Intro/images/sunset.jpg, id=433, 1027.84pt x 687.56876pt>
File: 01_Intro/images/sunset.jpg Graphic file (type jpg)

<use 01_Intro/images/sunset.jpg>
Package pdftex.def Info: 01_Intro/images/sunset.jpg used on input line 19.
(pdftex.def)             Requested size: 195.98047pt x 131.10104pt.

Underfull \hbox (badness 10000) in paragraph at lines 2--25

 []


Underfull \hbox (badness 10000) in paragraph at lines 2--25

 []

<01_Intro/images/laseroptique.jpeg, id=438, 1027.84pt x 687.56876pt>
File: 01_Intro/images/laseroptique.jpeg Graphic file (type jpg)

<use 01_Intro/images/laseroptique.jpeg>
Package pdftex.def Info: 01_Intro/images/laseroptique.jpeg used on input line 3
3.
(pdftex.def)             Requested size: 217.75757pt x 145.66316pt.

Underfull \hbox (badness 10000) in paragraph at lines 26--34

 []


Underfull \hbox (badness 10000) in paragraph at lines 26--34

 []

[1


 <C:/Users/bl2/Documents/GitHub/pbm/pokusyLATEX/images/nasaearth.jpg> <C:/Users
/bl2/Documents/GitHub/pbm/pokusyLATEX/01_Intro/images/sunset.jpg>]
<images/temp.jpg, id=449, 1027.84pt x 687.56876pt>
File: images/temp.jpg Graphic file (type jpg)
 <use images/temp.jpg>
Package pdftex.def Info: images/temp.jpg used on input line 39.
(pdftex.def)             Requested size: 217.75757pt x 145.66316pt.

Underfull \hbox (badness 10000) in paragraph at lines 35--45

 []


Underfull \hbox (badness 10000) in paragraph at lines 35--45

 []


Underfull \hbox (badness 10000) in paragraph at lines 35--45

 []

[2 <C:/Users/bl2/Documents/GitHub/pbm/pokusyLATEX/01_Intro/images/laseroptique.
jpeg> <C:/Users/bl2/Documents/GitHub/pbm/pokusyLATEX/images/temp.jpg>]
Underfull \hbox (badness 10000) in paragraph at lines 60--69

 []


Underfull \hbox (badness 10000) in paragraph at lines 60--69

 []


Underfull \hbox (badness 10000) in paragraph at lines 60--69

 []


Underfull \hbox (badness 10000) in paragraph at lines 60--69

 []

) (C:\Users\bl2\Documents\GitHub\pbm\pokusyLATEX\02_Chap2/Chap2.tex [3]
[4

]
Chapter 2.

Underfull \hbox (badness 10000) in paragraph at lines 3--13

 []


Underfull \hbox (badness 10000) in paragraph at lines 3--13

 []


Underfull \hbox (badness 10000) in paragraph at lines 3--13

 []


Underfull \hbox (badness 10000) in paragraph at lines 3--13

 []

[5]
Overfull \hbox (14.48486pt too wide) in paragraph at lines 21--29
| 
 []


Overfull \hbox (14.48486pt too wide) in paragraph at lines 34--35
| 
 []


Underfull \hbox (badness 10000) in paragraph at lines 42--44

 []


Underfull \hbox (badness 10000) in paragraph at lines 42--44

 []

[6

]
Underfull \hbox (badness 10000) in paragraph at lines 78--82

 []

File: images/temp.jpg Graphic file (type jpg)
<use images/temp.jpg>
Package pdftex.def Info: images/temp.jpg used on input line 83.
(pdftex.def)             Requested size: 304.85925pt x 203.93262pt.
 [7] [8]
Underfull \hbox (badness 10000) in paragraph at lines 117--123

 []


Underfull \hbox (badness 10000) in paragraph at lines 117--123

 []


Underfull \hbox (badness 10000) in paragraph at lines 117--123

 []

[9]
LaTeX Font Info:    Font shape `U/lasy/b/n' in size <8> not available
(Font)              Font shape `U/lasy/m/n' tried instead on input line 142.
LaTeX Font Info:    Font shape `U/lasy/b/n' in size <6> not available
(Font)              Font shape `U/lasy/m/n' tried instead on input line 142.
 [10

]
File: images/temp.jpg Graphic file (type jpg)
 <use images/temp.jpg>
Package pdftex.def Info: images/temp.jpg used on input line 186.
(pdftex.def)             Requested size: 152.43295pt x 101.96631pt.

Underfull \hbox (badness 10000) in paragraph at lines 191--195

 []

[11]
File: images/temp.jpg Graphic file (type jpg)
 <use images/temp.jpg>
Package pdftex.def Info: images/temp.jpg used on input line 212.
(pdftex.def)             Requested size: 152.43295pt x 101.96631pt.
Package epstopdf Info: Source file: <02_Chap2/Figures/heneygreenstein2dgraph.ep
s>
(epstopdf)                    date: 2013-05-02 19:45:47
(epstopdf)                    size: 119246 bytes
(epstopdf)             Output file: <02_Chap2/Figures/heneygreenstein2dgraph-ep
s-converted-to.pdf>
(epstopdf)                    date: 2013-05-02 19:45:47
(epstopdf)                    size: 35560 bytes
(epstopdf)             Command: <epstopdf --outfile=02_Chap2/Figures/heneygreen
stein2dgraph-eps-converted-to.pdf 02_Chap2/Figures/heneygreenstein2dgraph.eps>
(epstopdf)             \includegraphics on input line 226.
Package epstopdf Info: Output file is already uptodate.

<02_Chap2/Figures/heneygreenstein2dgraph-eps-converted-to.pdf, id=579, 495.8525
pt x 405.515pt>
File: 02_Chap2/Figures/heneygreenstein2dgraph-eps-converted-to.pdf Graphic file
 (type pdf)

<use 02_Chap2/Figures/heneygreenstein2dgraph-eps-converted-to.pdf>
Package pdftex.def Info: 02_Chap2/Figures/heneygreenstein2dgraph-eps-converted-
to.pdf used on input line 226.
(pdftex.def)             Requested size: 195.98047pt x 160.27257pt.

<images/hg3d.png, id=580, 562.1pt x 420.57124pt>
File: images/hg3d.png Graphic file (type png)
 <use images/hg3d.png>
Package pdftex.def Info: images/hg3d.png used on input line 234.
(pdftex.def)             Requested size: 195.98047pt x 146.63098pt.

Overfull \hbox (17.0pt too wide) in paragraph at lines 223--240
[]$[]$ 
 []


Underfull \vbox (badness 4673) has occurred while \output is active []

 [12]
<images/sunsetbeach.jpg, id=593, 1027.84pt x 687.56876pt>
File: images/sunsetbeach.jpg Graphic file (type jpg)

<use images/sunsetbeach.jpg>
Package pdftex.def Info: images/sunsetbeach.jpg used on input line 266.
(pdftex.def)             Requested size: 195.98047pt x 131.10104pt.
Package epstopdf Info: Source file: <images/reyleigh2dgraph.eps>
(epstopdf)                    date: 2013-05-02 19:45:47
(epstopdf)                    size: 13260 bytes
(epstopdf)             Output file: <images/reyleigh2dgraph-eps-converted-to.pd
f>
(epstopdf)                    date: 2013-05-02 19:45:47
(epstopdf)                    size: 10218 bytes
(epstopdf)             Command: <epstopdf --outfile=images/reyleigh2dgraph-eps-
converted-to.pdf images/reyleigh2dgraph.eps>
(epstopdf)             \includegraphics on input line 274.
Package epstopdf Info: Output file is already uptodate.

<images/reyleigh2dgraph-eps-converted-to.pdf, id=594, 492.84125pt x 404.51125pt
>
File: images/reyleigh2dgraph-eps-converted-to.pdf Graphic file (type pdf)
 <use images/reyleigh2dgraph-eps-converted-to.pdf>
Package pdftex.def Info: images/reyleigh2dgraph-eps-converted-to.pdf used on in
put line 274.
(pdftex.def)             Requested size: 195.98047pt x 160.85725pt.

Overfull \hbox (17.0pt too wide) in paragraph at lines 263--280
[]$[]$ 
 []


Underfull \vbox (badness 1237) has occurred while \output is active []

 [13 <C:/Users/bl2/Documents/GitHub/pbm/pokusyLATEX/02_Chap2/Figures/heneygreen
stein2dgraph-eps-converted-to.pdf> <C:/Users/bl2/Documents/GitHub/pbm/pokusyLAT
EX/images/hg3d.png (PNG copy)>]
Underfull \hbox (badness 10000) in paragraph at lines 284--288

 []

<images/r10PerpPolarLogA.png, id=616, 449.68pt x 445.665pt>
File: images/r10PerpPolarLogA.png Graphic file (type png)

<use images/r10PerpPolarLogA.png>
Package pdftex.def Info: images/r10PerpPolarLogA.png used on input line 289.
(pdftex.def)             Requested size: 217.75757pt x 215.81404pt.

Underfull \hbox (badness 10000) in paragraph at lines 294--298

 []

[14 <C:/Users/bl2/Documents/GitHub/pbm/pokusyLATEX/images/sunsetbeach.jpg> <C:/
Users/bl2/Documents/GitHub/pbm/pokusyLATEX/images/reyleigh2dgraph-eps-converted
-to.pdf>] [15 <C:/Users/bl2/Documents/GitHub/pbm/pokusyLATEX/images/r10PerpPola
rLogA.png (PNG copy)>]
Overfull \hbox (12.69482pt too wide) detected at line 359
[]\OML/cmm/m/it/10.95 L\OT1/cmr/m/n/10.95 (\OML/cmm/m/it/10.95 x; !\OT1/cmr/m/n
/10.95 ) = [] + []
 []

[16]
Underfull \hbox (badness 10000) in paragraph at lines 366--371

 []


LaTeX Warning: Reference `sec::VOLINTER' on page 17 undefined on input line 373
.

<images/juiceVolume.jpg, id=661, 646.415pt x 649.42625pt>
File: images/juiceVolume.jpg Graphic file (type jpg)

<use images/juiceVolume.jpg>
Package pdftex.def Info: images/juiceVolume.jpg used on input line 375.
(pdftex.def)             Requested size: 217.75757pt x 218.77057pt.

<images/volumerat.png, id=672, 659.46375pt x 324.21124pt>
File: images/volumerat.png Graphic file (type png)

<use images/volumerat.png>
Package pdftex.def Info: images/volumerat.png used on input line 383.
(pdftex.def)             Requested size: 183.66177pt x 90.29372pt.
File: images/temp.jpg Graphic file (type jpg)
 <use images/temp.jpg>
Package pdftex.def Info: images/temp.jpg used on input line 391.
(pdftex.def)             Requested size: 183.66177pt x 122.85477pt.

Underfull \vbox (badness 10000) has occurred while \output is active []

 [17

])
(C:\Users\bl2\Documents\GitHub\pbm\pokusyLATEX\03_Chap3/Chap3.tex [18 <C:/Users
/bl2/Documents/GitHub/pbm/pokusyLATEX/images/juiceVolume.jpg> <C:/Users/bl2/Doc
uments/GitHub/pbm/pokusyLATEX/images/volumerat.png>]
Chapter 3.

Underfull \hbox (badness 10000) in paragraph at lines 4--8

 []

<images/halfanglenvidia.png, id=697, 562.1pt x 262.9825pt>
File: images/halfanglenvidia.png Graphic file (type png)

<use images/halfanglenvidia.png>
Package pdftex.def Info: images/halfanglenvidia.png used on input line 12.
(pdftex.def)             Requested size: 195.98047pt x 91.68811pt.

<images/nvidiasmokeparticles.jpg, id=700, 1027.84pt x 687.56876pt>
File: images/nvidiasmokeparticles.jpg Graphic file (type jpg)

<use images/nvidiasmokeparticles.jpg>
Package pdftex.def Info: images/nvidiasmokeparticles.jpg used on input line 20.

(pdftex.def)             Requested size: 195.98047pt x 131.10104pt.

Overfull \hbox (17.0pt too wide) in paragraph at lines 9--38
[]$[]$ 
 []


Underfull \hbox (badness 10000) in paragraph at lines 9--38

 []


Underfull \hbox (badness 10000) in paragraph at lines 9--38

 []


Underfull \hbox (badness 10000) in paragraph at lines 9--38

 []


Underfull \hbox (badness 10000) in paragraph at lines 9--38

 []

[19

 <C:/Users/bl2/Documents/GitHub/pbm/pokusyLATEX/images/halfanglenvidia.png> <C:
/Users/bl2/Documents/GitHub/pbm/pokusyLATEX/images/nvidiasmokeparticles.jpg>] <
images/krakatoa.jpg, id=714, 1606.0pt x 301.125pt>
File: images/krakatoa.jpg Graphic file (type jpg)

<use images/krakatoa.jpg>
Package pdftex.def Info: images/krakatoa.jpg used on input line 43.
(pdftex.def)             Requested size: 413.73804pt x 77.57385pt.

Underfull \hbox (badness 10000) in paragraph at lines 46--53

 []


Underfull \hbox (badness 10000) in paragraph at lines 46--53

 []

[20 <C:/Users/bl2/Documents/GitHub/pbm/pokusyLATEX/images/krakatoa.jpg>]
Underfull \hbox (badness 10000) in paragraph at lines 62--70

 []


Underfull \hbox (badness 10000) in paragraph at lines 62--70

 []

File: images/temp.jpg Graphic file (type jpg)
<use images/temp.jpg>
Package pdftex.def Info: images/temp.jpg used on input line 78.
(pdftex.def)             Requested size: 239.53465pt x 160.23576pt.
File: images/temp.jpg Graphic file (type jpg)
 <use images/temp.jpg>
Package pdftex.def Info: images/temp.jpg used on input line 80.
(pdftex.def)             Requested size: 239.53465pt x 160.23576pt.

Underfull \hbox (badness 10000) in paragraph at lines 83--90

 []


Underfull \hbox (badness 10000) in paragraph at lines 83--90

 []

[21] [22]
Underfull \hbox (badness 10000) in paragraph at lines 93--103

 []


Underfull \hbox (badness 10000) in paragraph at lines 93--103

 []


Underfull \hbox (badness 10000) in paragraph at lines 93--103

 []


Underfull \vbox (badness 2884) has occurred while \output is active []

 [23]
Underfull \hbox (badness 10000) in paragraph at lines 121--129

 []

) (C:\Users\bl2\Documents\GitHub\pbm\pokusyLATEX\04_SelectedAlgos/Chap4.tex
[24]
Chapter 4.
<images/ppmsppm.png, id=763, 1304.875pt x 451.6875pt>
File: images/ppmsppm.png Graphic file (type png)
 <use images/ppmsppm.png>
Package pdftex.def Info: images/ppmsppm.png used on input line 29.
(pdftex.def)             Requested size: 435.51514pt x 150.7528pt.

Underfull \hbox (badness 10000) in paragraph at lines 4--30

 []


Underfull \hbox (badness 10000) in paragraph at lines 4--30

 []


Underfull \hbox (badness 10000) in paragraph at lines 4--30

 []


Underfull \hbox (badness 10000) in paragraph at lines 4--30

 []

<images/vpl2vbl.png, id=767, 615.29875pt x 419.5675pt>
File: images/vpl2vbl.png Graphic file (type png)

<use images/vpl2vbl.png>
Package pdftex.def Info: images/vpl2vbl.png used on input line 31.
(pdftex.def)             Requested size: 217.75757pt x 148.48335pt.

Underfull \vbox (badness 1552) has occurred while \output is active []

 [25

]
[26 <C:/Users/bl2/Documents/GitHub/pbm/pokusyLATEX/images/ppmsppm.png> <C:/User
s/bl2/Documents/GitHub/pbm/pokusyLATEX/images/vpl2vbl.png>])
(C:\Users\bl2\Documents\GitHub\pbm\pokusyLATEX\05_Proposedsolution/Chap5.tex
[27] [28

]
Chapter 5.

Underfull \hbox (badness 10000) in paragraph at lines 3--9

 []


Underfull \hbox (badness 10000) in paragraph at lines 3--9

 []


Underfull \hbox (badness 10000) in paragraph at lines 3--9

 []

File: images/temp.jpg Graphic file (type jpg)
<use images/temp.jpg>
Package pdftex.def Info: images/temp.jpg used on input line 11.
(pdftex.def)             Requested size: 217.75757pt x 145.66316pt.

<images/fourlighttransports.jpg, id=799, 778.91pt x 796.9775pt>
File: images/fourlighttransports.jpg Graphic file (type jpg)

<use images/fourlighttransports.jpg>
Package pdftex.def Info: images/fourlighttransports.jpg used on input line 16.
(pdftex.def)             Requested size: 217.75757pt x 222.7995pt.
 [29])
(C:\Users\bl2\Documents\GitHub\pbm\pokusyLATEX\06_Implementation/Chap6.tex
[30 <C:/Users/bl2/Documents/GitHub/pbm/pokusyLATEX/images/fourlighttransports.j
pg>]
Chapter 6.

Underfull \hbox (badness 10000) in paragraph at lines 3--9

 []


Underfull \hbox (badness 10000) in paragraph at lines 3--9

 []


Underfull \hbox (badness 10000) in paragraph at lines 3--9

 []


Underfull \hbox (badness 10000) in paragraph at lines 10--14

 []

File: images/temp.jpg Graphic file (type jpg)
<use images/temp.jpg>
Package pdftex.def Info: images/temp.jpg used on input line 15.
(pdftex.def)             Requested size: 217.75757pt x 145.66316pt.
File: images/temp.jpg Graphic file (type jpg)
 <use images/temp.jpg>
Package pdftex.def Info: images/temp.jpg used on input line 17.
(pdftex.def)             Requested size: 217.75757pt x 145.66316pt.
 [31

] [32]
File: images/temp.jpg Graphic file (type jpg)
 <use images/temp.jpg>
Package pdftex.def Info: images/temp.jpg used on input line 29.
(pdftex.def)             Requested size: 217.75757pt x 145.66316pt.
File: images/temp.jpg Graphic file (type jpg)

<use images/temp.jpg>
Package pdftex.def Info: images/temp.jpg used on input line 31.
(pdftex.def)             Requested size: 217.75757pt x 145.66316pt.
 <images/rr_sampling.png, id=828, 1027.84pt x 335.2525pt>
File: images/rr_sampling.png Graphic file (type png)

<use images/rr_sampling.png>
Package pdftex.def Info: images/rr_sampling.png used on input line 41.
(pdftex.def)             Requested size: 391.96095pt x 127.84743pt.
 [33])
(C:\Users\bl2\Documents\GitHub\pbm\pokusyLATEX\07_Results/Chap7.tex [34 <C:/Use
rs/bl2/Documents/GitHub/pbm/pokusyLATEX/images/rr_sampling.png>]
Chapter 7.
) (C:\Users\bl2\Documents\GitHub\pbm\pokusyLATEX\04_Concl/Concl.tex [35

]
[36

]
Chapter 8.

Package hyperref Warning: Difference (2) between bookmark levels is greater 
(hyperref)                than one, level fixed on input line 4.

) (C:\Users\bl2\Documents\GitHub\pbm\pokusyLATEX\Glazer-thesis-2013.bbl
[37] [38

]
LaTeX Font Info:    Try loading font information for T1+cmtt on input line 8.
 ("C:\Program Files\MiKTeX 2.9\tex\latex\base\t1cmtt.fd"
File: t1cmtt.fd 1999/05/25 v2.5h Standard LaTeX font definitions
) [39])
[40] (C:\Users\bl2\Documents\GitHub\pbm\pokusyLATEX\06_Appendix/Appen1.tex
Appendinx A.
) (C:\Users\bl2\Documents\GitHub\pbm\pokusyLATEX\06_Appendix/Appen2.tex
[1


] [2

]
Appendinx B.
)
\tf@thm=\write7
Package atveryend Info: Empty hook `BeforeClearDocument' on input line 324.
 [3]
Package atveryend Info: Empty hook `AfterLastShipout' on input line 324.
 (C:\Users\bl2\Documents\GitHub\pbm\pokusyLATEX\Glazer-thesis-2013.aux)
Package atveryend Info: Executing hook `AtVeryEndDocument' on input line 324.
Package atveryend Info: Executing hook `AtEndAfterFileList' on input line 324.
Package rerunfilecheck Info: File `Glazer-thesis-2013.out' has not changed.
(rerunfilecheck)             Checksum: 560C1C966CC4B573CF815D20663AB4F2;8258.


LaTeX Warning: There were undefined references.


LaTeX Warning: There were multiply-defined labels.

Package atveryend Info: Empty hook `AtVeryVeryEnd' on input line 324.
 )
(\end occurred inside a group at level 1)

### simple group (level 1) entered at line 311 ({)
### bottom level 
Here is how much of TeX's memory you used:
 12317 strings out of 493921
 175707 string characters out of 3147288
 238506 words of memory out of 3000000
 15077 multiletter control sequences out of 15000+200000
 31371 words of font info for 85 fonts, out of 3000000 for 9000
 846 hyphenation exceptions out of 8191
 42i,16n,44p,998b,648s stack positions out of 5000i,500n,10000p,200000b,50000s
pdfTeX warning (dest): name{Hfootnote.18} has been referenced b
ut does not exist, replaced by a fixed one

pdfTeX warning (dest): name{Hfootnote.17} has been referenced but does not exis
t, replaced by a fixed one

{C:/Program Files/MiKTeX 2.9/fonts/enc/dvips/cm-super/cm-super-t1.enc}<C:/Progr
am Files/MiKTeX 2.9/fonts/type1/public/amsfonts/cmextra/cmbsy8.pfb><C:/Program 
Files/MiKTeX 2.9/fonts/type1/public/amsfonts/cm/cmbx10.pfb><C:/Program Files/Mi
KTeX 2.9/fonts/type1/public/amsfonts/cm/cmex10.pfb><C:/Program Files/MiKTeX 2.9
/fonts/type1/public/amsfonts/cmextra/cmex8.pfb><C:/Program Files/MiKTeX 2.9/fon
ts/type1/public/amsfonts/cm/cmmi10.pfb><C:/Program Files/MiKTeX 2.9/fonts/type1
/public/amsfonts/cm/cmmi6.pfb><C:/Program Files/MiKTeX 2.9/fonts/type1/public/a
msfonts/cm/cmmi8.pfb><C:/Program Files/MiKTeX 2.9/fonts/type1/public/amsfonts/c
m/cmmi9.pfb><C:/Program Files/MiKTeX 2.9/fonts/type1/public/amsfonts/cm/cmmib10
.pfb><C:/Program Files/MiKTeX 2.9/fonts/type1/public/amsfonts/cmextra/cmmib8.pf
b><C:/Program Files/MiKTeX 2.9/fonts/type1/public/amsfonts/cm/cmr10.pfb><C:/Pro
gram Files/MiKTeX 2.9/fonts/type1/public/amsfonts/cm/cmr6.pfb><C:/Program Files
/MiKTeX 2.9/fonts/type1/public/amsfonts/cm/cmr8.pfb><C:/Program Files/MiKTeX 2.
9/fonts/type1/public/amsfonts/cm/cmr9.pfb><C:/Program Files/MiKTeX 2.9/fonts/ty
pe1/public/amsfonts/cm/cmsy10.pfb><C:/Program Files/MiKTeX 2.9/fonts/type1/publ
ic/amsfonts/cm/cmsy8.pfb><C:/Program Files/MiKTeX 2.9/fonts/type1/public/amsfon
ts/cm/cmsy9.pfb><C:/Program Files/MiKTeX 2.9/fonts/type1/public/cm-super/sfbx09
00.pfb><C:/Program Files/MiKTeX 2.9/fonts/type1/public/cm-super/sfbx1095.pfb><C
:/Program Files/MiKTeX 2.9/fonts/type1/public/cm-super/sfbx1200.pfb><C:/Program
 Files/MiKTeX 2.9/fonts/type1/public/cm-super/sfbx1440.pfb><C:/Program Files/Mi
KTeX 2.9/fonts/type1/public/cm-super/sfbx2074.pfb><C:/Program Files/MiKTeX 2.9/
fonts/type1/public/cm-super/sfbx2488.pfb><C:/Program Files/MiKTeX 2.9/fonts/typ
e1/public/cm-super/sfrm0600.pfb><C:/Program Files/MiKTeX 2.9/fonts/type1/public
/cm-super/sfrm0700.pfb><C:/Program Files/MiKTeX 2.9/fonts/type1/public/cm-super
/sfrm0800.pfb><C:/Program Files/MiKTeX 2.9/fonts/type1/public/cm-super/sfrm0900
.pfb><C:/Program Files/MiKTeX 2.9/fonts/type1/public/cm-super/sfrm1000.pfb><C:/
Program Files/MiKTeX 2.9/fonts/type1/public/cm-super/sfrm1095.pfb><C:/Program F
iles/MiKTeX 2.9/fonts/type1/public/cm-super/sfrm1200.pfb><C:/Program Files/MiKT
eX 2.9/fonts/type1/public/cm-super/sfsl1095.pfb><C:/Program Files/MiKTeX 2.9/fo
nts/type1/public/cm-super/sfti0900.pfb><C:/Program Files/MiKTeX 2.9/fonts/type1
/public/cm-super/sfti1000.pfb><C:/Program Files/MiKTeX 2.9/fonts/type1/public/c
m-super/sfti1095.pfb><C:/Program Files/MiKTeX 2.9/fonts/type1/public/cm-super/s
fti1440.pfb><C:/Program Files/MiKTeX 2.9/fonts/type1/public/cm-super/sftt1095.p
fb>
Output written on Glazer-thesis-2013.pdf (59 pages, 3604407 bytes).
PDF statistics:
 1065 PDF objects out of 1200 (max. 8388607)
 230 named destinations out of 1000 (max. 500000)
 536 words of extra memory for PDF output out of 10000 (max. 10000000)

