This is pdfTeX, Version 3.1415926-2.4-1.40.13 (MiKTeX 2.9 64-bit) (preloaded format=pdflatex 2013.4.23)  28 APR 2013 20:15
entering extended mode
**C:/Users/bl2/Documents/GitHub/pbm/pokusyLATEX/main.tex
(C:/Users/bl2/Documents/GitHub/pbm/pokusyLATEX/main.tex
LaTeX2e <2011/06/27>
Babel <v3.8m> and hyphenation patterns for english, afrikaans, ancientgreek, ar
abic, armenian, assamese, basque, bengali, bokmal, bulgarian, catalan, coptic, 
croatian, czech, danish, dutch, esperanto, estonian, farsi, finnish, french, ga
lician, german, german-x-2012-05-30, greek, gujarati, hindi, hungarian, iceland
ic, indonesian, interlingua, irish, italian, kannada, kurmanji, latin, latvian,
 lithuanian, malayalam, marathi, mongolian, mongolianlmc, monogreek, ngerman, n
german-x-2012-05-30, nynorsk, oriya, panjabi, pinyin, polish, portuguese, roman
ian, russian, sanskrit, serbian, slovak, slovenian, spanish, swedish, swissgerm
an, tamil, telugu, turkish, turkmen, ukenglish, ukrainian, uppersorbian, usengl
ishmax, welsh, loaded.
("C:\Program Files\MiKTeX 2.9\tex\latex\base\report.cls"
Document Class: report 2007/10/19 v1.4h Standard LaTeX document class
("C:\Program Files\MiKTeX 2.9\tex\latex\base\size11.clo"
File: size11.clo 2007/10/19 v1.4h Standard LaTeX file (size option)
)
\c@part=\count79
\c@chapter=\count80
\c@section=\count81
\c@subsection=\count82
\c@subsubsection=\count83
\c@paragraph=\count84
\c@subparagraph=\count85
\c@figure=\count86
\c@table=\count87
\abovecaptionskip=\skip41
\belowcaptionskip=\skip42
\bibindent=\dimen102
)
("C:\Program Files\MiKTeX 2.9\tex\latex\hyperref\hyperref.sty"
Package: hyperref 2012/11/06 v6.83m Hypertext links for LaTeX

("C:\Program Files\MiKTeX 2.9\tex\generic\oberdiek\hobsub-hyperref.sty"
Package: hobsub-hyperref 2012/04/25 v1.12 Bundle oberdiek, subset hyperref (HO)


("C:\Program Files\MiKTeX 2.9\tex\generic\oberdiek\hobsub-generic.sty"
Package: hobsub-generic 2012/04/25 v1.12 Bundle oberdiek, subset generic (HO)
Package: hobsub 2012/04/25 v1.12 Construct package bundles (HO)
Package: infwarerr 2010/04/08 v1.3 Providing info/warning/error messages (HO)
Package: ltxcmds 2011/11/09 v1.22 LaTeX kernel commands for general use (HO)
Package: ifluatex 2010/03/01 v1.3 Provides the ifluatex switch (HO)
Package ifluatex Info: LuaTeX not detected.
Package: ifvtex 2010/03/01 v1.5 Detect VTeX and its facilities (HO)
Package ifvtex Info: VTeX not detected.
Package: intcalc 2007/09/27 v1.1 Expandable calculations with integers (HO)
Package: ifpdf 2011/01/30 v2.3 Provides the ifpdf switch (HO)
Package ifpdf Info: pdfTeX in PDF mode is detected.
Package: etexcmds 2011/02/16 v1.5 Avoid name clashes with e-TeX commands (HO)
Package etexcmds Info: Could not find \expanded.
(etexcmds)             That can mean that you are not using pdfTeX 1.50 or
(etexcmds)             that some package has redefined \expanded.
(etexcmds)             In the latter case, load this package earlier.
Package: kvsetkeys 2012/04/25 v1.16 Key value parser (HO)
Package: kvdefinekeys 2011/04/07 v1.3 Define keys (HO)
Package: pdftexcmds 2011/11/29 v0.20 Utility functions of pdfTeX for LuaTeX (HO
)
Package pdftexcmds Info: LuaTeX not detected.
Package pdftexcmds Info: \pdf@primitive is available.
Package pdftexcmds Info: \pdf@ifprimitive is available.
Package pdftexcmds Info: \pdfdraftmode found.
Package: pdfescape 2011/11/25 v1.13 Implements pdfTeX's escape features (HO)
Package: bigintcalc 2012/04/08 v1.3 Expandable calculations on big integers (HO
)
Package: bitset 2011/01/30 v1.1 Handle bit-vector datatype (HO)
Package: uniquecounter 2011/01/30 v1.2 Provide unlimited unique counter (HO)
)
Package hobsub Info: Skipping package `hobsub' (already loaded).
Package: letltxmacro 2010/09/02 v1.4 Let assignment for LaTeX macros (HO)
Package: hopatch 2011/06/24 v1.1 Wrapper for package hooks (HO)
Package: xcolor-patch 2011/01/30 xcolor patch
Package: atveryend 2011/06/30 v1.8 Hooks at the very end of document (HO)
Package atveryend Info: \enddocument detected (standard20110627).
Package: atbegshi 2011/10/05 v1.16 At begin shipout hook (HO)
Package: refcount 2011/10/16 v3.4 Data extraction from label references (HO)
Package: hycolor 2011/01/30 v1.7 Color options for hyperref/bookmark (HO)
)
("C:\Program Files\MiKTeX 2.9\tex\latex\graphics\keyval.sty"
Package: keyval 1999/03/16 v1.13 key=value parser (DPC)
\KV@toks@=\toks14
)
("C:\Program Files\MiKTeX 2.9\tex\generic\ifxetex\ifxetex.sty"
Package: ifxetex 2010/09/12 v0.6 Provides ifxetex conditional
)
("C:\Program Files\MiKTeX 2.9\tex\latex\oberdiek\auxhook.sty"
Package: auxhook 2011/03/04 v1.3 Hooks for auxiliary files (HO)
)
("C:\Program Files\MiKTeX 2.9\tex\latex\oberdiek\kvoptions.sty"
Package: kvoptions 2011/06/30 v3.11 Key value format for package options (HO)
)
\@linkdim=\dimen103
\Hy@linkcounter=\count88
\Hy@pagecounter=\count89

("C:\Program Files\MiKTeX 2.9\tex\latex\hyperref\pd1enc.def"
File: pd1enc.def 2012/11/06 v6.83m Hyperref: PDFDocEncoding definition (HO)
)
\Hy@SavedSpaceFactor=\count90

("C:\Program Files\MiKTeX 2.9\tex\latex\00miktex\hyperref.cfg"
File: hyperref.cfg 2002/06/06 v1.2 hyperref configuration of TeXLive
)
Package hyperref Info: Option `bookmarks' set `false' on input line 4319.
Package hyperref Info: Option `colorlinks' set `false' on input line 4319.
Package hyperref Info: Option `unicode' set `true' on input line 4319.

("C:\Program Files\MiKTeX 2.9\tex\latex\hyperref\puenc.def"
File: puenc.def 2012/11/06 v6.83m Hyperref: PDF Unicode definition (HO)
)
Package hyperref Info: Hyper figures OFF on input line 4443.
Package hyperref Info: Link nesting OFF on input line 4448.
Package hyperref Info: Hyper index ON on input line 4451.
Package hyperref Info: Plain pages OFF on input line 4458.
Package hyperref Info: Backreferencing OFF on input line 4463.
Package hyperref Info: Implicit mode ON; LaTeX internals redefined.
Package hyperref Info: Bookmarks OFF on input line 4694.
\c@Hy@tempcnt=\count91

("C:\Program Files\MiKTeX 2.9\tex\latex\ltxmisc\url.sty"
\Urlmuskip=\muskip10
Package: url 2006/04/12  ver 3.3  Verb mode for urls, etc.
)
LaTeX Info: Redefining \url on input line 5041.
\XeTeXLinkMargin=\dimen104
\Fld@menulength=\count92
\Field@Width=\dimen105
\Fld@charsize=\dimen106
Package hyperref Info: Hyper figures OFF on input line 6295.
Package hyperref Info: Link nesting OFF on input line 6300.
Package hyperref Info: Hyper index ON on input line 6303.
Package hyperref Info: backreferencing OFF on input line 6310.
Package hyperref Info: Link coloring OFF on input line 6315.
Package hyperref Info: Link coloring with OCG OFF on input line 6320.
Package hyperref Info: PDF/A mode OFF on input line 6325.
LaTeX Info: Redefining \ref on input line 6365.
LaTeX Info: Redefining \pageref on input line 6369.
\Hy@abspage=\count93
\c@Item=\count94
\c@Hfootnote=\count95
)

Package hyperref Message: Driver (autodetected): hpdftex.

("C:\Program Files\MiKTeX 2.9\tex\latex\hyperref\hpdftex.def"
File: hpdftex.def 2012/11/06 v6.83m Hyperref driver for pdfTeX
\Fld@listcount=\count96
\c@bookmark@seq@number=\count97

("C:\Program Files\MiKTeX 2.9\tex\latex\oberdiek\rerunfilecheck.sty"
Package: rerunfilecheck 2011/04/15 v1.7 Rerun checks for auxiliary files (HO)
Package uniquecounter Info: New unique counter `rerunfilecheck' on input line 2
82.
)
\Hy@SectionHShift=\skip43
)
(C:\Users\bl2\Documents\GitHub\pbm\pokusyLATEX\Styles/Skripta.sty
("C:\Program Files\MiKTeX 2.9\tex\latex\base\inputenc.sty"
Package: inputenc 2008/03/30 v1.1d Input encoding file
\inpenc@prehook=\toks15
\inpenc@posthook=\toks16

("C:\Program Files\MiKTeX 2.9\tex\latex\base\utf8.def"
File: utf8.def 2008/04/05 v1.1m UTF-8 support for inputenc
Now handling font encoding OML ...
... no UTF-8 mapping file for font encoding OML
Now handling font encoding T1 ...
... processing UTF-8 mapping file for font encoding T1

("C:\Program Files\MiKTeX 2.9\tex\latex\base\t1enc.dfu"
File: t1enc.dfu 2008/04/05 v1.1m UTF-8 support for inputenc
   defining Unicode char U+00A1 (decimal 161)
   defining Unicode char U+00A3 (decimal 163)
   defining Unicode char U+00AB (decimal 171)
   defining Unicode char U+00BB (decimal 187)
   defining Unicode char U+00BF (decimal 191)
   defining Unicode char U+00C0 (decimal 192)
   defining Unicode char U+00C1 (decimal 193)
   defining Unicode char U+00C2 (decimal 194)
   defining Unicode char U+00C3 (decimal 195)
   defining Unicode char U+00C4 (decimal 196)
   defining Unicode char U+00C5 (decimal 197)
   defining Unicode char U+00C6 (decimal 198)
   defining Unicode char U+00C7 (decimal 199)
   defining Unicode char U+00C8 (decimal 200)
   defining Unicode char U+00C9 (decimal 201)
   defining Unicode char U+00CA (decimal 202)
   defining Unicode char U+00CB (decimal 203)
   defining Unicode char U+00CC (decimal 204)
   defining Unicode char U+00CD (decimal 205)
   defining Unicode char U+00CE (decimal 206)
   defining Unicode char U+00CF (decimal 207)
   defining Unicode char U+00D0 (decimal 208)
   defining Unicode char U+00D1 (decimal 209)
   defining Unicode char U+00D2 (decimal 210)
   defining Unicode char U+00D3 (decimal 211)
   defining Unicode char U+00D4 (decimal 212)
   defining Unicode char U+00D5 (decimal 213)
   defining Unicode char U+00D6 (decimal 214)
   defining Unicode char U+00D8 (decimal 216)
   defining Unicode char U+00D9 (decimal 217)
   defining Unicode char U+00DA (decimal 218)
   defining Unicode char U+00DB (decimal 219)
   defining Unicode char U+00DC (decimal 220)
   defining Unicode char U+00DD (decimal 221)
   defining Unicode char U+00DE (decimal 222)
   defining Unicode char U+00DF (decimal 223)
   defining Unicode char U+00E0 (decimal 224)
   defining Unicode char U+00E1 (decimal 225)
   defining Unicode char U+00E2 (decimal 226)
   defining Unicode char U+00E3 (decimal 227)
   defining Unicode char U+00E4 (decimal 228)
   defining Unicode char U+00E5 (decimal 229)
   defining Unicode char U+00E6 (decimal 230)
   defining Unicode char U+00E7 (decimal 231)
   defining Unicode char U+00E8 (decimal 232)
   defining Unicode char U+00E9 (decimal 233)
   defining Unicode char U+00EA (decimal 234)
   defining Unicode char U+00EB (decimal 235)
   defining Unicode char U+00EC (decimal 236)
   defining Unicode char U+00ED (decimal 237)
   defining Unicode char U+00EE (decimal 238)
   defining Unicode char U+00EF (decimal 239)
   defining Unicode char U+00F0 (decimal 240)
   defining Unicode char U+00F1 (decimal 241)
   defining Unicode char U+00F2 (decimal 242)
   defining Unicode char U+00F3 (decimal 243)
   defining Unicode char U+00F4 (decimal 244)
   defining Unicode char U+00F5 (decimal 245)
   defining Unicode char U+00F6 (decimal 246)
   defining Unicode char U+00F8 (decimal 248)
   defining Unicode char U+00F9 (decimal 249)
   defining Unicode char U+00FA (decimal 250)
   defining Unicode char U+00FB (decimal 251)
   defining Unicode char U+00FC (decimal 252)
   defining Unicode char U+00FD (decimal 253)
   defining Unicode char U+00FE (decimal 254)
   defining Unicode char U+00FF (decimal 255)
   defining Unicode char U+0102 (decimal 258)
   defining Unicode char U+0103 (decimal 259)
   defining Unicode char U+0104 (decimal 260)
   defining Unicode char U+0105 (decimal 261)
   defining Unicode char U+0106 (decimal 262)
   defining Unicode char U+0107 (decimal 263)
   defining Unicode char U+010C (decimal 268)
   defining Unicode char U+010D (decimal 269)
   defining Unicode char U+010E (decimal 270)
   defining Unicode char U+010F (decimal 271)
   defining Unicode char U+0110 (decimal 272)
   defining Unicode char U+0111 (decimal 273)
   defining Unicode char U+0118 (decimal 280)
   defining Unicode char U+0119 (decimal 281)
   defining Unicode char U+011A (decimal 282)
   defining Unicode char U+011B (decimal 283)
   defining Unicode char U+011E (decimal 286)
   defining Unicode char U+011F (decimal 287)
   defining Unicode char U+0130 (decimal 304)
   defining Unicode char U+0131 (decimal 305)
   defining Unicode char U+0132 (decimal 306)
   defining Unicode char U+0133 (decimal 307)
   defining Unicode char U+0139 (decimal 313)
   defining Unicode char U+013A (decimal 314)
   defining Unicode char U+013D (decimal 317)
   defining Unicode char U+013E (decimal 318)
   defining Unicode char U+0141 (decimal 321)
   defining Unicode char U+0142 (decimal 322)
   defining Unicode char U+0143 (decimal 323)
   defining Unicode char U+0144 (decimal 324)
   defining Unicode char U+0147 (decimal 327)
   defining Unicode char U+0148 (decimal 328)
   defining Unicode char U+014A (decimal 330)
   defining Unicode char U+014B (decimal 331)
   defining Unicode char U+0150 (decimal 336)
   defining Unicode char U+0151 (decimal 337)
   defining Unicode char U+0152 (decimal 338)
   defining Unicode char U+0153 (decimal 339)
   defining Unicode char U+0154 (decimal 340)
   defining Unicode char U+0155 (decimal 341)
   defining Unicode char U+0158 (decimal 344)
   defining Unicode char U+0159 (decimal 345)
   defining Unicode char U+015A (decimal 346)
   defining Unicode char U+015B (decimal 347)
   defining Unicode char U+015E (decimal 350)
   defining Unicode char U+015F (decimal 351)
   defining Unicode char U+0160 (decimal 352)
   defining Unicode char U+0161 (decimal 353)
   defining Unicode char U+0162 (decimal 354)
   defining Unicode char U+0163 (decimal 355)
   defining Unicode char U+0164 (decimal 356)
   defining Unicode char U+0165 (decimal 357)
   defining Unicode char U+016E (decimal 366)
   defining Unicode char U+016F (decimal 367)
   defining Unicode char U+0170 (decimal 368)
   defining Unicode char U+0171 (decimal 369)
   defining Unicode char U+0178 (decimal 376)
   defining Unicode char U+0179 (decimal 377)
   defining Unicode char U+017A (decimal 378)
   defining Unicode char U+017B (decimal 379)
   defining Unicode char U+017C (decimal 380)
   defining Unicode char U+017D (decimal 381)
   defining Unicode char U+017E (decimal 382)
   defining Unicode char U+200C (decimal 8204)
   defining Unicode char U+2013 (decimal 8211)
   defining Unicode char U+2014 (decimal 8212)
   defining Unicode char U+2018 (decimal 8216)
   defining Unicode char U+2019 (decimal 8217)
   defining Unicode char U+201A (decimal 8218)
   defining Unicode char U+201C (decimal 8220)
   defining Unicode char U+201D (decimal 8221)
   defining Unicode char U+201E (decimal 8222)
   defining Unicode char U+2030 (decimal 8240)
   defining Unicode char U+2031 (decimal 8241)
   defining Unicode char U+2039 (decimal 8249)
   defining Unicode char U+203A (decimal 8250)
   defining Unicode char U+2423 (decimal 9251)
)
Now handling font encoding OT1 ...
... processing UTF-8 mapping file for font encoding OT1

("C:\Program Files\MiKTeX 2.9\tex\latex\base\ot1enc.dfu"
File: ot1enc.dfu 2008/04/05 v1.1m UTF-8 support for inputenc
   defining Unicode char U+00A1 (decimal 161)
   defining Unicode char U+00A3 (decimal 163)
   defining Unicode char U+00B8 (decimal 184)
   defining Unicode char U+00BF (decimal 191)
   defining Unicode char U+00C5 (decimal 197)
   defining Unicode char U+00C6 (decimal 198)
   defining Unicode char U+00D8 (decimal 216)
   defining Unicode char U+00DF (decimal 223)
   defining Unicode char U+00E6 (decimal 230)
   defining Unicode char U+00EC (decimal 236)
   defining Unicode char U+00ED (decimal 237)
   defining Unicode char U+00EE (decimal 238)
   defining Unicode char U+00EF (decimal 239)
   defining Unicode char U+00F8 (decimal 248)
   defining Unicode char U+0131 (decimal 305)
   defining Unicode char U+0141 (decimal 321)
   defining Unicode char U+0142 (decimal 322)
   defining Unicode char U+0152 (decimal 338)
   defining Unicode char U+0153 (decimal 339)
   defining Unicode char U+2013 (decimal 8211)
   defining Unicode char U+2014 (decimal 8212)
   defining Unicode char U+2018 (decimal 8216)
   defining Unicode char U+2019 (decimal 8217)
   defining Unicode char U+201C (decimal 8220)
   defining Unicode char U+201D (decimal 8221)
)
Now handling font encoding OMS ...
... processing UTF-8 mapping file for font encoding OMS

("C:\Program Files\MiKTeX 2.9\tex\latex\base\omsenc.dfu"
File: omsenc.dfu 2008/04/05 v1.1m UTF-8 support for inputenc
   defining Unicode char U+00A7 (decimal 167)
   defining Unicode char U+00B6 (decimal 182)
   defining Unicode char U+00B7 (decimal 183)
   defining Unicode char U+2020 (decimal 8224)
   defining Unicode char U+2021 (decimal 8225)
   defining Unicode char U+2022 (decimal 8226)
)
Now handling font encoding OMX ...
... no UTF-8 mapping file for font encoding OMX
Now handling font encoding U ...
... no UTF-8 mapping file for font encoding U
Now handling font encoding PD1 ...
... no UTF-8 mapping file for font encoding PD1
Now handling font encoding PU ...
... no UTF-8 mapping file for font encoding PU
   defining Unicode char U+00A9 (decimal 169)
   defining Unicode char U+00AA (decimal 170)
   defining Unicode char U+00AE (decimal 174)
   defining Unicode char U+00BA (decimal 186)
   defining Unicode char U+02C6 (decimal 710)
   defining Unicode char U+02DC (decimal 732)
   defining Unicode char U+200C (decimal 8204)
   defining Unicode char U+2026 (decimal 8230)
   defining Unicode char U+2122 (decimal 8482)
   defining Unicode char U+2423 (decimal 9251)
))
("C:\Program Files\MiKTeX 2.9\tex\latex\fancyhdr\fancyhdr.sty"
\fancy@headwidth=\skip44
\f@ncyO@elh=\skip45
\f@ncyO@erh=\skip46
\f@ncyO@olh=\skip47
\f@ncyO@orh=\skip48
\f@ncyO@elf=\skip49
\f@ncyO@erf=\skip50
\f@ncyO@olf=\skip51
\f@ncyO@orf=\skip52
)
("C:\Program Files\MiKTeX 2.9\tex\latex\amsmath\amsmath.sty"
Package: amsmath 2013/01/14 v2.14 AMS math features
\@mathmargin=\skip53

For additional information on amsmath, use the `?' option.
("C:\Program Files\MiKTeX 2.9\tex\latex\amsmath\amstext.sty"
Package: amstext 2000/06/29 v2.01

("C:\Program Files\MiKTeX 2.9\tex\latex\amsmath\amsgen.sty"
File: amsgen.sty 1999/11/30 v2.0
\@emptytoks=\toks17
\ex@=\dimen107
))
("C:\Program Files\MiKTeX 2.9\tex\latex\amsmath\amsbsy.sty"
Package: amsbsy 1999/11/29 v1.2d
\pmbraise@=\dimen108
)
("C:\Program Files\MiKTeX 2.9\tex\latex\amsmath\amsopn.sty"
Package: amsopn 1999/12/14 v2.01 operator names
)
\inf@bad=\count98
LaTeX Info: Redefining \frac on input line 210.
\uproot@=\count99
\leftroot@=\count100
LaTeX Info: Redefining \overline on input line 306.
\classnum@=\count101
\DOTSCASE@=\count102
LaTeX Info: Redefining \ldots on input line 378.
LaTeX Info: Redefining \dots on input line 381.
LaTeX Info: Redefining \cdots on input line 466.
\Mathstrutbox@=\box26
\strutbox@=\box27
\big@size=\dimen109
LaTeX Font Info:    Redeclaring font encoding OML on input line 566.
LaTeX Font Info:    Redeclaring font encoding OMS on input line 567.
\macc@depth=\count103
\c@MaxMatrixCols=\count104
\dotsspace@=\muskip11
\c@parentequation=\count105
\dspbrk@lvl=\count106
\tag@help=\toks18
\row@=\count107
\column@=\count108
\maxfields@=\count109
\andhelp@=\toks19
\eqnshift@=\dimen110
\alignsep@=\dimen111
\tagshift@=\dimen112
\tagwidth@=\dimen113
\totwidth@=\dimen114
\lineht@=\dimen115
\@envbody=\toks20
\multlinegap=\skip54
\multlinetaggap=\skip55
\mathdisplay@stack=\toks21
LaTeX Info: Redefining \[ on input line 2665.
LaTeX Info: Redefining \] on input line 2666.
)
("C:\Program Files\MiKTeX 2.9\tex\latex\amsfonts\amssymb.sty"
Package: amssymb 2013/01/14 v3.01 AMS font symbols

("C:\Program Files\MiKTeX 2.9\tex\latex\amsfonts\amsfonts.sty"
Package: amsfonts 2013/01/14 v3.01 Basic AMSFonts support
\symAMSa=\mathgroup4
\symAMSb=\mathgroup5
LaTeX Font Info:    Overwriting math alphabet `\mathfrak' in version `bold'
(Font)                  U/euf/m/n --> U/euf/b/n on input line 106.
))
("C:\Program Files\MiKTeX 2.9\tex\latex\ntheorem\ntheorem.sty"
Style `ntheorem', Version 1.33 <2011/08/15>
Package: ntheorem 2011/08/15 1.33
("C:\Program Files\MiKTeX 2.9\tex\latex\base\ifthen.sty"
Package: ifthen 2001/05/26 v1.1c Standard LaTeX ifthen package (DPC)
)
\theorem@style=\toks22
\theorem@@style=\toks23
\theorembodyfont=\toks24
\theoremnumbering=\toks25
\theorempreskipamount=\skip56
\theorempostskipamount=\skip57
\theoremframepreskipamount=\skip58
\theoremframepostskipamount=\skip59
\theoreminframepreskipamount=\skip60
\theoreminframepostskipamount=\skip61
\theorem@preskip=\toks26
\theorem@postskip=\toks27
\theorem@framepreskip=\toks28
\theorem@framepostskip=\toks29
\theorem@inframepreskip=\toks30
\theorem@inframepostskip=\toks31
\theoremindent=\dimen116
\theorem@indent=\dimen117
\theoremrightindent=\dimen118
\theorem@rightindent=\dimen119
\theoremheaderfont=\toks32
\theoremseparator=\toks33
\theoremprework=\toks34
\theorempostwork=\toks35
\theoremsymbol=\toks36
\qedsymbol=\toks37
\theoremkeyword=\toks38
\qedsymbol=\toks39
\thm@topsep=\skip62
\thm@topsepadd=\skip63
Package ntheorem Info: Option `thmmarks' loaded on input line 1175.
\c@endNonectr=\count110
\c@currNonectr=\count111
\mysavskip=\skip64
Package ntheorem Info: option `amsmath' handling for `thmmarks' loaded on input
 line 1175.
\thm@amstmpdepth=\dimen120
\tagwidth=\dimen121
)
("C:\Program Files\MiKTeX 2.9\tex\latex\base\latexsym.sty"
Package: latexsym 1998/08/17 v2.2e Standard LaTeX package (lasy symbols)
\symlasy=\mathgroup6
LaTeX Font Info:    Overwriting symbol font `lasy' in version `bold'
(Font)                  U/lasy/m/n --> U/lasy/b/n on input line 47.
)
("C:\Program Files\MiKTeX 2.9\tex\latex\float\float.sty"
Package: float 2001/11/08 v1.3d Float enhancements (AL)
\c@float@type=\count112
\float@exts=\toks40
\float@box=\box28
\@float@everytoks=\toks41
\@floatcapt=\box29
)
("C:\Program Files\MiKTeX 2.9\tex\latex\caption\caption.sty"
Package: caption 2013/02/03 v3.3-65 Customizing captions (AR)

("C:\Program Files\MiKTeX 2.9\tex\latex\caption\caption3.sty"
Package: caption3 2013/02/03 v1.5-62 caption3 kernel (AR)
\captionmargin=\dimen122
\captionmargin@=\dimen123
\captionwidth=\dimen124
\caption@tempdima=\dimen125
\caption@indent=\dimen126
\caption@parindent=\dimen127
\caption@hangindent=\dimen128
)
\c@ContinuedFloat=\count113
Package caption Info: float package is loaded.
Package caption Info: hyperref package is loaded.
)
("C:\Program Files\MiKTeX 2.9\tex\latex\subfigure\subfigure.sty"
Package: subfigure 2002/07/30 v2.1.4 subfigure package
\subfigtopskip=\skip65
\subfigcapskip=\skip66
\subfigcaptopadj=\dimen129
\subfigbottomskip=\skip67
\subfigcapmargin=\dimen130
\subfiglabelskip=\skip68
\c@subfigure=\count114
\c@lofdepth=\count115
\c@subtable=\count116
\c@lotdepth=\count117

****************************************
* Local config file subfigure.cfg used *
****************************************
("C:\Program Files\MiKTeX 2.9\tex\latex\subfigure\subfigure.cfg")
\subfig@top=\skip69
\subfig@bottom=\skip70
)
\c@currdefinitionctr=\count118
\c@enddefinitionctr=\count119
\c@definition=\count120
\c@currpropositionctr=\count121
\c@endpropositionctr=\count122
\c@proposition=\count123
\c@currnotectr=\count124
\c@endnotectr=\count125
\c@note=\count126
\c@currproofctr=\count127
\c@endproofctr=\count128
\c@proof=\count129
\c@currexamplectr=\count130
\c@endexamplectr=\count131
\c@example=\count132
\c@currsolutionctr=\count133
\c@endsolutionctr=\count134
\c@solution=\count135

("C:\Program Files\MiKTeX 2.9\tex\latex\fancybox\fancybox.sty"
Package: fancybox 2010/05/15 1.4

Style option: `fancybox' v1.4 <2010/05/15> (tvz)
\@fancybox=\box30
\shadowsize=\dimen131
\@Sbox=\box31
\do@VerbBox=\toks42
\the@fancyput=\toks43
\this@fancyput=\toks44
\EndVerbatimTokens=\toks45
\Verbatim@Outfile=\write3
\Verbatim@Infile=\read1
) ("C:\Program Files\MiKTeX 2.9\tex\latex\tools\verbatim.sty"
Package: verbatim 2003/08/22 v1.5q LaTeX2e package for verbatim enhancements
\every@verbatim=\toks46
\verbatim@line=\toks47
\verbatim@in@stream=\read2
)
\symmatsym=\mathgroup7
)
(C:\Users\bl2\Documents\GitHub\pbm\pokusyLATEX\Styles/Diplomka.sty)
(C:\Users\bl2\Documents\GitHub\pbm\pokusyLATEX\Styles/Colors.sty
("C:\Program Files\MiKTeX 2.9\tex\latex\graphics\color.sty"
Package: color 2005/11/14 v1.0j Standard LaTeX Color (DPC)

("C:\Program Files\MiKTeX 2.9\tex\latex\00miktex\color.cfg"
File: color.cfg 2007/01/18 v1.5 color configuration of teTeX/TeXLive
)
Package color Info: Driver file: dvips.def on input line 130.

("C:\Program Files\MiKTeX 2.9\tex\latex\graphics\dvips.def"
File: dvips.def 1999/02/16 v3.0i Driver-dependant file (DPC,SPQR)
)
("C:\Program Files\MiKTeX 2.9\tex\latex\graphics\dvipsnam.def"
File: dvipsnam.def 1999/02/16 v3.0i Driver-dependant file (DPC,SPQR)
)))
("C:\Program Files\MiKTeX 2.9\tex\latex\graphics\graphicx.sty"
Package: graphicx 1999/02/16 v1.0f Enhanced LaTeX Graphics (DPC,SPQR)

("C:\Program Files\MiKTeX 2.9\tex\latex\graphics\graphics.sty"
Package: graphics 2009/02/05 v1.0o Standard LaTeX Graphics (DPC,SPQR)

("C:\Program Files\MiKTeX 2.9\tex\latex\graphics\trig.sty"
Package: trig 1999/03/16 v1.09 sin cos tan (DPC)
)
("C:\Program Files\MiKTeX 2.9\tex\latex\00miktex\graphics.cfg"
File: graphics.cfg 2007/01/18 v1.5 graphics configuration of teTeX/TeXLive
)
Package graphics Info: Driver file: pdftex.def on input line 91.

("C:\Program Files\MiKTeX 2.9\tex\latex\pdftex-def\pdftex.def"
File: pdftex.def 2011/05/27 v0.06d Graphics/color for pdfTeX
\Gread@gobject=\count136
))
\Gin@req@height=\dimen132
\Gin@req@width=\dimen133
)
("C:\Program Files\MiKTeX 2.9\tex\latex\oberdiek\epstopdf.sty"
Package: epstopdf 2010/02/09 v2.5 Conversion with epstopdf on the fly (HO)

("C:\Program Files\MiKTeX 2.9\tex\latex\oberdiek\epstopdf-base.sty"
Package: epstopdf-base 2010/02/09 v2.5 Base part for package epstopdf

("C:\Program Files\MiKTeX 2.9\tex\latex\oberdiek\grfext.sty"
Package: grfext 2010/08/19 v1.1 Manage graphics extensions (HO)
)
Package epstopdf-base Info: Redefining graphics rule for `.eps' on input line 4
34.
Package grfext Info: Graphics extension search list:
(grfext)             [.png,.pdf,.jpg,.mps,.jpeg,.jbig2,.jb2,.PNG,.PDF,.JPG,.JPE
G,.JBIG2,.JB2,.eps]
(grfext)             \AppendGraphicsExtensions on input line 452.
))
(C:\Users\bl2\Documents\GitHub\pbm\pokusyLATEX\main.aux

LaTeX Warning: Label `lab:HEN' multiply defined.

)
LaTeX Font Info:    Checking defaults for OML/cmm/m/it on input line 59.
LaTeX Font Info:    ... okay on input line 59.
LaTeX Font Info:    Checking defaults for T1/cmr/m/n on input line 59.
LaTeX Font Info:    ... okay on input line 59.
LaTeX Font Info:    Checking defaults for OT1/cmr/m/n on input line 59.
LaTeX Font Info:    ... okay on input line 59.
LaTeX Font Info:    Checking defaults for OMS/cmsy/m/n on input line 59.
LaTeX Font Info:    ... okay on input line 59.
LaTeX Font Info:    Checking defaults for OMX/cmex/m/n on input line 59.
LaTeX Font Info:    ... okay on input line 59.
LaTeX Font Info:    Checking defaults for U/cmr/m/n on input line 59.
LaTeX Font Info:    ... okay on input line 59.
LaTeX Font Info:    Checking defaults for PD1/pdf/m/n on input line 59.
LaTeX Font Info:    ... okay on input line 59.
LaTeX Font Info:    Checking defaults for PU/pdf/m/n on input line 59.
LaTeX Font Info:    ... okay on input line 59.
\AtBeginShipoutBox=\box32
Package hyperref Info: Link coloring OFF on input line 59.
 ("C:\Program Files\MiKTeX 2.9\tex\latex\hyperref\nameref.sty"
Package: nameref 2012/10/27 v2.43 Cross-referencing by name of section

("C:\Program Files\MiKTeX 2.9\tex\generic\oberdiek\gettitlestring.sty"
Package: gettitlestring 2010/12/03 v1.4 Cleanup title references (HO)
)
\c@section@level=\count137
)
LaTeX Info: Redefining \ref on input line 59.
LaTeX Info: Redefining \pageref on input line 59.
LaTeX Info: Redefining \nameref on input line 59.
Package caption Info: Begin \AtBeginDocument code.
Package caption Info: subfigure package is loaded.
Package caption Info: End \AtBeginDocument code.

("C:\Program Files\MiKTeX 2.9\tex\context\base\supp-pdf.mkii"
[Loading MPS to PDF converter (version 2006.09.02).]
\scratchcounter=\count138
\scratchdimen=\dimen134
\scratchbox=\box33
\nofMPsegments=\count139
\nofMParguments=\count140
\everyMPshowfont=\toks48
\MPscratchCnt=\count141
\MPscratchDim=\dimen135
\MPnumerator=\count142
\makeMPintoPDFobject=\count143
\everyMPtoPDFconversion=\toks49
)
Package epstopdf Info: Source file: <00_Chapters/Figures/lev.eps>
(epstopdf)                    date: 2013-04-23 19:27:02
(epstopdf)                    size: 204595 bytes
(epstopdf)             Output file: <00_Chapters/Figures/lev-eps-converted-to.p
df>
(epstopdf)                    date: 2013-04-23 19:27:02
(epstopdf)                    size: 36067 bytes
(epstopdf)             Command: <epstopdf --outfile=00_Chapters/Figures/lev-eps
-converted-to.pdf 00_Chapters/Figures/lev.eps>
(epstopdf)             \includegraphics on input line 63.
Package epstopdf Info: Output file is already uptodate.

<00_Chapters/Figures/lev-eps-converted-to.pdf, id=3, 194.7275pt x 149.55875pt>
File: 00_Chapters/Figures/lev-eps-converted-to.pdf Graphic file (type pdf)

<use 00_Chapters/Figures/lev-eps-converted-to.pdf>
Package pdftex.def Info: 00_Chapters/Figures/lev-eps-converted-to.pdf used on i
nput line 63.
(pdftex.def)             Requested size: 142.26378pt x 109.26825pt.
 [1

{C:/ProgramData/MiKTeX/2.9/pdftex/config/pdftex.map} <C:/Users/bl2/Documents/Gi
tHub/pbm/pokusyLATEX/00_Chapters/Figures/lev-eps-converted-to.pdf>] [2

]
(C:\Users\bl2\Documents\GitHub\pbm\pokusyLATEX\00_Chapters/Acknow.tex) [3]
[4

] (C:\Users\bl2\Documents\GitHub\pbm\pokusyLATEX\00_Chapters/Declar.tex
LaTeX Font Info:    Try loading font information for U+msa on input line 22.

("C:\Program Files\MiKTeX 2.9\tex\latex\amsfonts\umsa.fd"
File: umsa.fd 2013/01/14 v3.01 AMS symbols A
)
LaTeX Font Info:    Try loading font information for U+msb on input line 22.

("C:\Program Files\MiKTeX 2.9\tex\latex\amsfonts\umsb.fd"
File: umsb.fd 2013/01/14 v3.01 AMS symbols B
)
LaTeX Font Info:    Try loading font information for U+lasy on input line 22.

("C:\Program Files\MiKTeX 2.9\tex\latex\base\ulasy.fd"
File: ulasy.fd 1998/08/17 v2.2e LaTeX symbol font definitions
)

LaTeX Font Warning: Font shape `OT1/mnozina/m/n' in size <10.95> not available
(Font)              size <10> substituted on input line 22.

) [1] [2

]
(C:\Users\bl2\Documents\GitHub\pbm\pokusyLATEX\00_Chapters/Abstract.tex)
[3] [4

] [5] [6

] (C:\Users\bl2\Documents\GitHub\pbm\pokusyLATEX\main.toc
[7

])
\tf@toc=\write4
 [8] (C:\Users\bl2\Documents\GitHub\pbm\pokusyLATEX\main.lof)
\tf@lof=\write5
 [9


] [10]
(C:\Users\bl2\Documents\GitHub\pbm\pokusyLATEX\main.lot)
\tf@lot=\write6
 [11


] [12

]
(C:\Users\bl2\Documents\GitHub\pbm\pokusyLATEX\01_Intro/Intro.tex
Chapter 1.
<images/nasaearth.jpg, id=246, 1027.84pt x 687.56876pt>
File: images/nasaearth.jpg Graphic file (type jpg)

<use images/nasaearth.jpg>
Package pdftex.def Info: images/nasaearth.jpg used on input line 11.
(pdftex.def)             Requested size: 203.83415pt x 136.34676pt.

<01_Intro/images/sunset.jpg, id=249, 1027.84pt x 687.56876pt>
File: 01_Intro/images/sunset.jpg Graphic file (type jpg)

<use 01_Intro/images/sunset.jpg>
Package pdftex.def Info: 01_Intro/images/sunset.jpg used on input line 19.
(pdftex.def)             Requested size: 203.83415pt x 136.34676pt.

Underfull \hbox (badness 10000) in paragraph at lines 2--25

 []


Underfull \hbox (badness 10000) in paragraph at lines 2--25

 []


Underfull \vbox (badness 10000) has occurred while \output is active []

pdfTeX warning (ext4): destination with the same identifier (name{page.1}) has 
been already used, duplicate ignored
<to be read again> 
                   \relax 
l.26 \noindent
              { [1

]
<01_Intro/images/laseroptique.jpeg, id=257, 1027.84pt x 687.56876pt>
File: 01_Intro/images/laseroptique.jpeg Graphic file (type jpg)

<use 01_Intro/images/laseroptique.jpeg>
Package pdftex.def Info: 01_Intro/images/laseroptique.jpeg used on input line 3
3.
(pdftex.def)             Requested size: 226.48393pt x 151.4964pt.

Underfull \hbox (badness 10000) in paragraph at lines 26--34

 []


Underfull \hbox (badness 10000) in paragraph at lines 26--34

 []

pdfTeX warning (ext4): destination with the same identifier (name{page.2}) has 
been already used, duplicate ignored
<to be read again> 
                   \relax 
l.34 \newpage
              [2 <C:/Users/bl2/Documents/GitHub/pbm/pokusyLATEX/01_Intro/images
/laseroptique.jpeg> <C:/Users/bl2/Documents/GitHub/pbm/pokusyLATEX/images/nasae
arth.jpg> <C:/Users/bl2/Documents/GitHub/pbm/pokusyLATEX/01_Intro/images/sunset
.jpg>] <images/temp.jpg, id=268, 1027.84pt x 687.56876pt>
File: images/temp.jpg Graphic file (type jpg)

<use images/temp.jpg>
Package pdftex.def Info: images/temp.jpg used on input line 39.
(pdftex.def)             Requested size: 226.48393pt x 151.4964pt.

Underfull \hbox (badness 10000) in paragraph at lines 35--45

 []


Underfull \hbox (badness 10000) in paragraph at lines 35--45

 []


Underfull \hbox (badness 10000) in paragraph at lines 35--45

 []

pdfTeX warning (ext4): destination with the same identifier (name{page.3}) has 
been already used, duplicate ignored
<to be read again> 
                   \relax 
l.58 \newpage
              [3 <C:/Users/bl2/Documents/GitHub/pbm/pokusyLATEX/images/temp.jpg
>]
Underfull \hbox (badness 10000) in paragraph at lines 60--69

 []


Underfull \hbox (badness 10000) in paragraph at lines 60--69

 []


Underfull \hbox (badness 10000) in paragraph at lines 60--69

 []


Underfull \hbox (badness 10000) in paragraph at lines 60--69

 []

) (C:\Users\bl2\Documents\GitHub\pbm\pokusyLATEX\02_Chap2/Chap2.texpdfTeX warni
ng (ext4): destination with the same identifier (name{page.4}) has been already
 used, duplicate ignored
<to be read again> 
                   \relax 
l.1 \chapter
            {Fundamentals of realistic image synthesis} [4]
Chapter 2.

Underfull \hbox (badness 10000) in paragraph at lines 3--14

 []


Underfull \hbox (badness 10000) in paragraph at lines 3--14

 []


Underfull \hbox (badness 10000) in paragraph at lines 3--14

 []


Underfull \hbox (badness 10000) in paragraph at lines 3--14

 []


Underfull \vbox (badness 10000) has occurred while \output is active []

 [5

]

Package amsmath Warning: Foreign command \over;
(amsmath)                \frac or \genfrac should be used instead
(amsmath)                 on input line 20.


Overfull \hbox (85.50418pt too wide) in paragraph at lines 21--26
\OT1/cmr/m/n/10.95 spec-i-fied lo-ca-tion. |[] 
 []


LaTeX Font Warning: Font shape `OT1/mnozina/m/n' in size <9> not available
(Font)              size <8> substituted on input line 36.


LaTeX Font Warning: Font shape `OT1/mnozina/m/n' in size <5> not available
(Font)              size <6> substituted on input line 36.


Underfull \hbox (badness 10000) in paragraph at lines 39--41

 []


Underfull \hbox (badness 10000) in paragraph at lines 39--41

 []

[6] [7]
Underfull \hbox (badness 10000) in paragraph at lines 73--77

 []

File: images/temp.jpg Graphic file (type jpg)
<use images/temp.jpg>
Package pdftex.def Info: images/temp.jpg used on input line 78.
(pdftex.def)             Requested size: 317.07611pt x 212.10545pt.
 [8

] [9]
Underfull \hbox (badness 10000) in paragraph at lines 112--118

 []


Underfull \hbox (badness 10000) in paragraph at lines 112--118

 []

[10

]
LaTeX Font Info:    Font shape `U/lasy/b/n' in size <8> not available
(Font)              Font shape `U/lasy/m/n' tried instead on input line 136.
LaTeX Font Info:    Font shape `U/lasy/b/n' in size <6> not available
(Font)              Font shape `U/lasy/m/n' tried instead on input line 136.
 [11

]
File: images/temp.jpg Graphic file (type jpg)
 <use images/temp.jpg>
Package pdftex.def Info: images/temp.jpg used on input line 180.
(pdftex.def)             Requested size: 158.5415pt x 106.04749pt.
 [12]
Underfull \hbox (badness 10000) in paragraph at lines 185--189

 []

File: images/temp.jpg Graphic file (type jpg)
<use images/temp.jpg>
Package pdftex.def Info: images/temp.jpg used on input line 206.
(pdftex.def)             Requested size: 158.5415pt x 106.04749pt.
 [13

]
Package epstopdf Info: Source file: <02_Chap2/Figures/heneygreenstein2dgraph.ep
s>
(epstopdf)                    date: 2013-04-23 20:38:28
(epstopdf)                    size: 116767 bytes
(epstopdf)             Output file: <02_Chap2/Figures/heneygreenstein2dgraph-ep
s-converted-to.pdf>
(epstopdf)                    date: 2013-04-23 20:39:55
(epstopdf)                    size: 35560 bytes
(epstopdf)             Command: <epstopdf --outfile=02_Chap2/Figures/heneygreen
stein2dgraph-eps-converted-to.pdf 02_Chap2/Figures/heneygreenstein2dgraph.eps>
(epstopdf)             \includegraphics on input line 220.
Package epstopdf Info: Output file is already uptodate.

<02_Chap2/Figures/heneygreenstein2dgraph-eps-converted-to.pdf, id=398, 495.8525
pt x 405.515pt>
File: 02_Chap2/Figures/heneygreenstein2dgraph-eps-converted-to.pdf Graphic file
 (type pdf)

<use 02_Chap2/Figures/heneygreenstein2dgraph-eps-converted-to.pdf>
Package pdftex.def Info: 02_Chap2/Figures/heneygreenstein2dgraph-eps-converted-
to.pdf used on input line 220.
(pdftex.def)             Requested size: 203.83415pt x 166.69534pt.
LaTeX Font Info:    Try loading font information for OML+cmr on input line 222.


("C:\Program Files\MiKTeX 2.9\tex\latex\base\omlcmr.fd"
File: omlcmr.fd 1999/05/25 v2.5h Standard LaTeX font definitions
)
LaTeX Font Info:    Font shape `OML/cmr/m/n' in size <10> not available
(Font)              Font shape `OML/cmm/m/it' tried instead on input line 222.

<images/hg3d.png, id=399, 562.1pt x 420.57124pt>
File: images/hg3d.png Graphic file (type png)
 <use images/hg3d.png>
Package pdftex.def Info: images/hg3d.png used on input line 228.
(pdftex.def)             Requested size: 203.83415pt x 152.50932pt.

Overfull \hbox (17.0pt too wide) in paragraph at lines 217--234
[]$[]$ 
 []

[14 <C:/Users/bl2/Documents/GitHub/pbm/pokusyLATEX/02_Chap2/Figures/heneygreens
tein2dgraph-eps-converted-to.pdf> <C:/Users/bl2/Documents/GitHub/pbm/pokusyLATE
X/images/hg3d.png (PNG copy)>]
<images/sunsetbeach.jpg, id=419, 1027.84pt x 687.56876pt>
File: images/sunsetbeach.jpg Graphic file (type jpg)

<use images/sunsetbeach.jpg>
Package pdftex.def Info: images/sunsetbeach.jpg used on input line 260.
(pdftex.def)             Requested size: 203.83415pt x 136.34676pt.
Package epstopdf Info: Source file: <images/reyleigh2dgraph.eps>
(epstopdf)                    date: 2013-04-23 19:27:02
(epstopdf)                    size: 13260 bytes
(epstopdf)             Output file: <images/reyleigh2dgraph-eps-converted-to.pd
f>
(epstopdf)                    date: 2013-04-23 19:27:02
(epstopdf)                    size: 10218 bytes
(epstopdf)             Command: <epstopdf --outfile=images/reyleigh2dgraph-eps-
converted-to.pdf images/reyleigh2dgraph.eps>
(epstopdf)             \includegraphics on input line 268.
Package epstopdf Info: Output file is already uptodate.

<images/reyleigh2dgraph-eps-converted-to.pdf, id=420, 492.84125pt x 404.51125pt
>
File: images/reyleigh2dgraph-eps-converted-to.pdf Graphic file (type pdf)
 <use images/reyleigh2dgraph-eps-converted-to.pdf>
Package pdftex.def Info: images/reyleigh2dgraph-eps-converted-to.pdf used on in
put line 268.
(pdftex.def)             Requested size: 203.83415pt x 167.30118pt.

Overfull \hbox (17.0pt too wide) in paragraph at lines 257--274
[]$[]$ 
 []


Underfull \hbox (badness 10000) in paragraph at lines 278--282

 []

[15

 <C:/Users/bl2/Documents/GitHub/pbm/pokusyLATEX/images/sunsetbeach.jpg> <C:/Use
rs/bl2/Documents/GitHub/pbm/pokusyLATEX/images/reyleigh2dgraph-eps-converted-to
.pdf>] <images/r10PerpPolarLogA.png, id=439, 449.68pt x 445.665pt>
File: images/r10PerpPolarLogA.png Graphic file (type png)

<use images/r10PerpPolarLogA.png>
Package pdftex.def Info: images/r10PerpPolarLogA.png used on input line 283.
(pdftex.def)             Requested size: 226.48393pt x 224.46402pt.


LaTeX Font Warning: Font shape `OT1/mnozina/m/n' in size <7> not available
(Font)              size <6> substituted on input line 283.

[16 <C:/Users/bl2/Documents/GitHub/pbm/pokusyLATEX/images/r10PerpPolarLogA.png 
(PNG copy)>]
Underfull \hbox (badness 10000) in paragraph at lines 288--292

 []

[17

] [18

]
LaTeX Font Info:    Try loading font information for OMS+cmr on input line 360.

 ("C:\Program Files\MiKTeX 2.9\tex\latex\base\omscmr.fd"
File: omscmr.fd 1999/05/25 v2.5h Standard LaTeX font definitions
)
LaTeX Font Info:    Font shape `OMS/cmr/m/n' in size <10.95> not available
(Font)              Font shape `OMS/cmsy/m/n' tried instead on input line 360.

Underfull \hbox (badness 10000) in paragraph at lines 360--365

 []


LaTeX Warning: Reference `sec::VOLINTER' on page 19 undefined on input line 367
.

<images/juiceVolume.jpg, id=476, 646.415pt x 649.42625pt>
File: images/juiceVolume.jpg Graphic file (type jpg)

<use images/juiceVolume.jpg>
Package pdftex.def Info: images/juiceVolume.jpg used on input line 369.
(pdftex.def)             Requested size: 226.48393pt x 227.54042pt.

<images/volumerat.png, id=487, 659.46375pt x 324.21124pt>
File: images/volumerat.png Graphic file (type png)

<use images/volumerat.png>
Package pdftex.def Info: images/volumerat.png used on input line 377.
(pdftex.def)             Requested size: 191.51546pt x 94.15242pt.
File: images/temp.jpg Graphic file (type jpg)
 <use images/temp.jpg>
Package pdftex.def Info: images/temp.jpg used on input line 385.
(pdftex.def)             Requested size: 191.51546pt x 128.11098pt.

Underfull \vbox (badness 3557) has occurred while \output is active []

 [19

])
(C:\Users\bl2\Documents\GitHub\pbm\pokusyLATEX\03_Chap3/Chap3.tex [20 <C:/Users
/bl2/Documents/GitHub/pbm/pokusyLATEX/images/juiceVolume.jpg> <C:/Users/bl2/Doc
uments/GitHub/pbm/pokusyLATEX/images/volumerat.png>]
Chapter 3.

Underfull \hbox (badness 10000) in paragraph at lines 4--8

 []

<images/halfanglenvidia.png, id=512, 562.1pt x 262.9825pt>
File: images/halfanglenvidia.png Graphic file (type png)

<use images/halfanglenvidia.png>
Package pdftex.def Info: images/halfanglenvidia.png used on input line 12.
(pdftex.def)             Requested size: 203.83415pt x 95.36382pt.

<images/nvidiasmokeparticles.jpg, id=515, 1027.84pt x 687.56876pt>
File: images/nvidiasmokeparticles.jpg Graphic file (type jpg)

<use images/nvidiasmokeparticles.jpg>
Package pdftex.def Info: images/nvidiasmokeparticles.jpg used on input line 20.

(pdftex.def)             Requested size: 203.83415pt x 136.34676pt.

Overfull \hbox (17.0pt too wide) in paragraph at lines 9--38
[]$[]$ 
 []


Underfull \hbox (badness 10000) in paragraph at lines 9--38

 []


Underfull \hbox (badness 10000) in paragraph at lines 9--38

 []


Underfull \hbox (badness 10000) in paragraph at lines 9--38

 []


Underfull \hbox (badness 10000) in paragraph at lines 9--38

 []


Underfull \vbox (badness 10000) has occurred while \output is active []

 [21

]
[22 <C:/Users/bl2/Documents/GitHub/pbm/pokusyLATEX/images/halfanglenvidia.png> 
<C:/Users/bl2/Documents/GitHub/pbm/pokusyLATEX/images/nvidiasmokeparticles.jpg>
] <images/krakatoa.jpg, id=537, 1606.0pt x 301.125pt>
File: images/krakatoa.jpg Graphic file (type jpg)

<use images/krakatoa.jpg>
Package pdftex.def Info: images/krakatoa.jpg used on input line 43.
(pdftex.def)             Requested size: 430.31808pt x 80.68452pt.

Underfull \hbox (badness 10000) in paragraph at lines 46--53

 []


Underfull \hbox (badness 10000) in paragraph at lines 46--53

 []


Underfull \hbox (badness 10000) in paragraph at lines 62--69

 []


Underfull \hbox (badness 10000) in paragraph at lines 62--69

 []

[23

 <C:/Users/bl2/Documents/GitHub/pbm/pokusyLATEX/images/krakatoa.jpg>]
File: images/temp.jpg Graphic file (type jpg)

<use images/temp.jpg>
Package pdftex.def Info: images/temp.jpg used on input line 75.
(pdftex.def)             Requested size: 249.1337pt x 166.65654pt.
)
(C:\Users\bl2\Documents\GitHub\pbm\pokusyLATEX\04_SelectedAlgos/Chap4.tex
[24]
Chapter 4.
<images/vpl2vbl.png, id=555, 615.29875pt x 419.5675pt>
File: images/vpl2vbl.png Graphic file (type png)

<use images/vpl2vbl.png>
Package pdftex.def Info: images/vpl2vbl.png used on input line 6.
(pdftex.def)             Requested size: 226.48393pt x 154.43727pt.
)
(C:\Users\bl2\Documents\GitHub\pbm\pokusyLATEX\05_Proposedsolution/Chap5.tex
Underfull \vbox (badness 10000) has occurred while \output is active []

 [25

]
[26 <C:/Users/bl2/Documents/GitHub/pbm/pokusyLATEX/images/vpl2vbl.png>]
Chapter 5.

Underfull \hbox (badness 10000) in paragraph at lines 3--9

 []


Underfull \hbox (badness 10000) in paragraph at lines 3--9

 []


Underfull \hbox (badness 10000) in paragraph at lines 3--9

 []

File: images/temp.jpg Graphic file (type jpg)
<use images/temp.jpg>
Package pdftex.def Info: images/temp.jpg used on input line 11.
(pdftex.def)             Requested size: 226.48393pt x 151.4964pt.

<images/fourlighttransports.jpg, id=576, 778.91pt x 796.9775pt>
File: images/fourlighttransports.jpg Graphic file (type jpg)

<use images/fourlighttransports.jpg>
Package pdftex.def Info: images/fourlighttransports.jpg used on input line 16.
(pdftex.def)             Requested size: 226.48393pt x 231.73775pt.

Underfull \vbox (badness 10000) has occurred while \output is active []

 [27

])
(C:\Users\bl2\Documents\GitHub\pbm\pokusyLATEX\06_Implementation/Chap6.tex
[28 <C:/Users/bl2/Documents/GitHub/pbm/pokusyLATEX/images/fourlighttransports.j
pg>]
Chapter 6.

Underfull \hbox (badness 10000) in paragraph at lines 3--9

 []


Underfull \hbox (badness 10000) in paragraph at lines 3--9

 []


Underfull \hbox (badness 10000) in paragraph at lines 3--9

 []


Underfull \hbox (badness 10000) in paragraph at lines 10--14

 []

File: images/temp.jpg Graphic file (type jpg)
<use images/temp.jpg>
Package pdftex.def Info: images/temp.jpg used on input line 15.
(pdftex.def)             Requested size: 226.48393pt x 151.4964pt.
File: images/temp.jpg Graphic file (type jpg)
 <use images/temp.jpg>
Package pdftex.def Info: images/temp.jpg used on input line 17.
(pdftex.def)             Requested size: 226.48393pt x 151.4964pt.

Underfull \vbox (badness 2856) has occurred while \output is active []

 [29

]
[30]
File: images/temp.jpg Graphic file (type jpg)
 <use images/temp.jpg>
Package pdftex.def Info: images/temp.jpg used on input line 29.
(pdftex.def)             Requested size: 226.48393pt x 151.4964pt.
File: images/temp.jpg Graphic file (type jpg)
 <use images/temp.jpg>
Package pdftex.def Info: images/temp.jpg used on input line 31.
(pdftex.def)             Requested size: 226.48393pt x 151.4964pt.

<images/rr_sampling.png, id=606, 1027.84pt x 335.2525pt>
File: images/rr_sampling.png Graphic file (type png)

<use images/rr_sampling.png>
Package pdftex.def Info: images/rr_sampling.png used on input line 41.
(pdftex.def)             Requested size: 407.6683pt x 132.96808pt.

Underfull \vbox (badness 5288) has occurred while \output is active []

 [31])
(C:\Users\bl2\Documents\GitHub\pbm\pokusyLATEX\07_Results/Chap7.tex [32 <C:/Use
rs/bl2/Documents/GitHub/pbm/pokusyLATEX/images/rr_sampling.png>]
Chapter 7.
) (C:\Users\bl2\Documents\GitHub\pbm\pokusyLATEX\04_Concl/Concl.tex [33

]
[34

]
Chapter 8.
) (C:\Users\bl2\Documents\GitHub\pbm\pokusyLATEX\main.bbl [35] [36

]
Underfull \hbox (badness 1442) in paragraph at lines 49--52
[]\OT1/cmr/m/n/10.95 Philip Laven.  Mie plot soft-ware il-lus-tra-tion im-age. 
 URL: []$\OT1/cmtt/m/n/10.95 http : / / www .$
 []

[37]) [38]
(C:\Users\bl2\Documents\GitHub\pbm\pokusyLATEX\06_Appendix/Appen1.tex
Appendinx A.
) (C:\Users\bl2\Documents\GitHub\pbm\pokusyLATEX\06_Appendix/Appen2.tex
[1


] [2

]
Appendinx B.
)
\tf@thm=\write7
Package atveryend Info: Empty hook `BeforeClearDocument' on input line 164.
 [3]
Package atveryend Info: Empty hook `AfterLastShipout' on input line 164.
 (C:\Users\bl2\Documents\GitHub\pbm\pokusyLATEX\main.aux)
Package atveryend Info: Executing hook `AtVeryEndDocument' on input line 164.
Package atveryend Info: Empty hook `AtEndAfterFileList' on input line 164.


LaTeX Font Warning: Size substitutions with differences
(Font)              up to 1.0pt have occurred.


LaTeX Warning: There were undefined references.


LaTeX Warning: There were multiply-defined labels.

Package atveryend Info: Empty hook `AtVeryVeryEnd' on input line 164.
 )
(\end occurred inside a group at level 1)

### simple group (level 1) entered at line 305 ({)
### bottom level 
Here is how much of TeX's memory you used:
 12340 strings out of 493921
 175815 string characters out of 3147288
 235947 words of memory out of 3000000
 15158 multiletter control sequences out of 15000+200000
 20556 words of font info for 81 fonts, out of 3000000 for 9000
 842 hyphenation exceptions out of 8191
 43i,16n,45p,985b,640s stack positions out of 5000i,500n,10000p,200000b,50000s
pdfTeX warning (dest): name{Hfootnote.18} has been referenced b
ut does not exist, replaced by a fixed one

pdfTeX warning (dest): name{Hfootnote.17} has been referenced but does not exis
t, replaced by a fixed one

<C:/Program Files/MiKTeX 2.9/fonts/type1/public/amsfonts/cmextra/cmbsy8.pfb><C:
/Program Files/MiKTeX 2.9/fonts/type1/public/amsfonts/cm/cmbx10.pfb><C:/Program
 Files/MiKTeX 2.9/fonts/type1/public/amsfonts/cm/cmbx12.pfb><C:/Program Files/M
iKTeX 2.9/fonts/type1/public/amsfonts/cm/cmbx9.pfb><C:/Program Files/MiKTeX 2.9
/fonts/type1/public/amsfonts/cm/cmcsc10.pfb><C:/Program Files/MiKTeX 2.9/fonts/
type1/public/amsfonts/cm/cmex10.pfb><C:/Program Files/MiKTeX 2.9/fonts/type1/pu
blic/amsfonts/cmextra/cmex8.pfb><C:/Program Files/MiKTeX 2.9/fonts/type1/public
/amsfonts/cm/cmmi10.pfb><C:/Program Files/MiKTeX 2.9/fonts/type1/public/amsfont
s/cm/cmmi6.pfb><C:/Program Files/MiKTeX 2.9/fonts/type1/public/amsfonts/cm/cmmi
8.pfb><C:/Program Files/MiKTeX 2.9/fonts/type1/public/amsfonts/cm/cmmi9.pfb><C:
/Program Files/MiKTeX 2.9/fonts/type1/public/amsfonts/cm/cmmib10.pfb><C:/Progra
m Files/MiKTeX 2.9/fonts/type1/public/amsfonts/cmextra/cmmib8.pfb><C:/Program F
iles/MiKTeX 2.9/fonts/type1/public/amsfonts/cm/cmr10.pfb><C:/Program Files/MiKT
eX 2.9/fonts/type1/public/amsfonts/cm/cmr6.pfb><C:/Program Files/MiKTeX 2.9/fon
ts/type1/public/amsfonts/cm/cmr7.pfb><C:/Program Files/MiKTeX 2.9/fonts/type1/p
ublic/amsfonts/cm/cmr8.pfb><C:/Program Files/MiKTeX 2.9/fonts/type1/public/amsf
onts/cm/cmr9.pfb><C:/Program Files/MiKTeX 2.9/fonts/type1/public/amsfonts/cm/cm
sl10.pfb><C:/Program Files/MiKTeX 2.9/fonts/type1/public/amsfonts/cm/cmsy10.pfb
><C:/Program Files/MiKTeX 2.9/fonts/type1/public/amsfonts/cm/cmsy8.pfb><C:/Prog
ram Files/MiKTeX 2.9/fonts/type1/public/amsfonts/cm/cmsy9.pfb><C:/Program Files
/MiKTeX 2.9/fonts/type1/public/amsfonts/cm/cmti10.pfb><C:/Program Files/MiKTeX 
2.9/fonts/type1/public/amsfonts/cm/cmti9.pfb><C:/Program Files/MiKTeX 2.9/fonts
/type1/public/amsfonts/cm/cmtt10.pfb>
Output written on main.pdf (57 pages, 3272065 bytes).
PDF statistics:
 799 PDF objects out of 1000 (max. 8388607)
 219 named destinations out of 1000 (max. 500000)
 91 words of extra memory for PDF output out of 10000 (max. 10000000)

